!! ⚠️ PLEASE REVIEW THIS LOG FOR SENSITIVE INFORMATION BEFORE SHARING ⚠️ !!
Dart Code extension: 3.117.20250813
Flutter extension: 3.117.20250731 (not activated)

App: Visual Studio Code
App Host: desktop
Version: win 1.103.1


Logging Categories:
    Analyzer

Mon Aug 18 2025 [10:51:46 GMT-0300 (Horário Padrão de Brasília)] Log file started
[10:51:46] [Analyzer] [Info] Spawning C:\Users\felip_0vh5fa6\.puro\shared\caches\ef0cd000916d64fa0c5d09cc809fa7ad244a5767\dart-sdk\bin\dart.exe with args ["language-server","--protocol=lsp","--client-id=VS-Code","--client-version=3.117.20250813","--instrumentation-log-file=D:\\dev\\dart\\workspace\\.logs\\this_workspace\\InstrumentationLog.log"]
[10:51:46] [Analyzer] [Info]     PID: 48676
[10:51:46] [Analyzer] [Info] ==> Content-Length: 6659
[10:51:46] [Analyzer] [Info] ==> {"jsonrpc":"2.0","id":0,"method":"initialize","params":{"processId":36704,"clientInfo":{"name":"Visual Studio Code","version":"1.103.1"},"locale":"en","rootPath":"d:\\dev\\dart\\workspace\\project_one","rootUri":"file:///D%3A/dev/dart/workspace/project_one","capabilities":{"workspace":{"applyEdit":true,"workspaceEdit":{"documentChanges":true,"resourceOperations":["create","rename","delete"],"failureHandling":"textOnlyTransactional","normalizesLineEndings":true,"changeAnnotationSupport":{"groupsOnLabel":true}},"configuration":true,"didChangeWatchedFiles":{"dynamicRegistration":true,"relativePatternSupport":true},"symbol":{"dynamicRegistration":true,"symbolKind":{"valueSet":[1,2,3,4,5,6,7,8,9,10,11,12,13,14,15,16,17,18,19,20,21,22,23,24,25,26]},"tagSupport":{"valueSet":[1]},"resolveSupport":{"properties":["location.range"]}},"codeLens":{"refreshSupport":true},"executeCommand":{"dynamicRegistration":true},"didChangeConfiguration":{"dynamicRegistration":true},"workspaceFolders":true,"semanticTokens":{"refreshSupport":true},"fileOperations":{"dynamicRegistration":true,"didCreate":true,"didRename":true,"didDelete":true,"willCreate":true,"willRename":true,"willDelete":true},"inlineValue":{"refreshSupport":true},"inlayHint":{"refreshSupport":true},"diagnostics":{"refreshSupport":true}},"textDocument":{"publishDiagnostics":{"relatedInformation":true,"versionSupport":false,"tagSupport":{"valueSet":[1,2]},"codeDescriptionSupport":true,"dataSupport":true},"synchronization":{"dynamicRegistration":true,"willSave":true,"willSaveWaitUntil":true,"didSave":true},"completion":{"dynamicRegistration":true,"contextSupport":true,"completionItem":{"snippetSupport":true,"commitCharactersSupport":true,"documentationFormat":["markdown","plaintext"],"deprecatedSupport":true,"preselectSupport":true,"tagSupport":{"valueSet":[1]},"insertReplaceSupport":true,"resolveSupport":{"properties":["documentation","detail","additionalTextEdits"]},"insertTextModeSupport":{"valueSet":[1,2]},"labelDetails…
[10:51:53] [Analyzer] [Info] <== Content-Length: 906
Content-Type: application/vscode-jsonrpc; charset=utf-8

{"id":0,"jsonrpc":"2.0","result":{"capabilities":{"executeCommandProvider":{"commands":["dart.edit.sortMembers","dart.edit.organizeImports","dart.edit.fixAll","dart.edit.fixAllInWorkspace.preview","dart.edit.fixAllInWorkspace","dart.edit.sendWorkspaceEdit","refactor.perform","refactor.validate","dart.logAction","dart.refactor.convert_all_formal_parameters_to_named","dart.refactor.convert_selected_formal_parameters_to_named","dart.refactor.move_selected_formal_parameters_left","dart.refactor.move_top_level_to_file"],"workDoneProgress":true},"experimental":{"dartTextDocumentContentProvider":{"schemes":["dart-macro+file"]},"updateDiagnosticInformation":{},"textDocument":{"super":{},"augmented":{},"augmentation":{}}},"workspace":{"workspaceFolders":{"changeNotifications":true,"supported":true}},"workspaceSymbolProvider":true},"serverInfo":{"name":"Dart SDK LSP Analysis Server","version":"3.8.1"}}}
[10:51:57] [Analyzer] [Info] ==> Content-Length: 86
[10:51:57] [Analyzer] [Info] ==> {"jsonrpc":"2.0","method":"initialized","params":{},"clientRequestTime":1755525117503}
[10:51:57] [Analyzer] [Info] ==> Content-Length: 177
[10:51:57] [Analyzer] [Info] ==> {"jsonrpc":"2.0","id":1,"method":"dart/connectToDtd","params":{"uri":"ws://127.0.0.1:21262/neWCSSrNtYw=","registerExperimentalHandlers":false},"clientRequestTime":1755525117586}
[10:51:57] [Analyzer] [Info] ==> Content-Length: 386
[10:51:57] [Analyzer] [Info] ==> {"jsonrpc":"2.0","id":2,"method":"dart/updateDiagnosticInformation","params":{"settings":{"global":{"dart.onlyAnalyzeProjectsWithOpenFiles":false,"editor.formatOnSave":true,"editor.formatOnPaste":true,"editor.formatOnType":true,"editor.codeActionsOnSave":{"source.fixAll":"explicit","source.organizeImports":"explicit","source.sortMembers":"never"}}}},"clientRequestTime":1755525117586}
[10:51:57] [Analyzer] [Info] <== Content-Length: 243
Content-Type: application/vscode-jsonrpc; charset=utf-8

{"id":1,"jsonrpc":"2.0","method":"workspace/configuration","params":{"items":[{"scopeUri":"file:///D:/dev/dart/workspace/project_one","section":"dart"},{"scopeUri":"file:///D:/dev/dart/workspace/package","section":"dart"},{"section":"dart"}]}}Content-Length: 38
Content-Type: application/vscode-jsonrpc; charset=utf-8

{"id":2,"jsonrpc":"2.0","result":null}
[10:51:58] [Analyzer] [Info] <== Content-Length: 38
Content-Type: application/vscode-jsonrpc; charset=utf-8

{"id":1,"jsonrpc":"2.0","result":null}
[10:51:58] [Analyzer] [Info] ==> Content-Length: 14088
[10:51:58] [Analyzer] [Info] ==> {"jsonrpc":"2.0","id":1,"result":[{"analysisExcludedFolders":[],"analyzerAdditionalArgs":[],"analyzerVmAdditionalArgs":[],"analyzerDiagnosticsPort":null,"analyzerPath":null,"analyzerSshHost":null,"analyzerVmServicePort":null,"includeDependenciesInWorkspaceSymbols":true,"notifyAnalyzerErrors":true,"onlyAnalyzeProjectsWithOpenFiles":false,"showTodos":true,"showExtensionRecommendations":true,"devToolsBrowser":"default","devToolsPort":null,"devToolsReuseWindows":true,"devToolsTheme":"dark","devToolsLocation":{"default":"beside","inspector":"sidebar"},"openDevTools":"never","closeDevTools":"never","shareDevToolsWithFlutter":true,"showInspectorNotificationsForWidgetErrors":true,"customDevTools":{},"autoImportCompletions":true,"automaticCommentSlashes":"tripleSlash","closingLabels":true,"closingLabelsPrefix":" -- ","closingLabelsTextStyle":"normal","completeFunctionCalls":true,"documentation":"full","dtdEditorActiveLocationDelay":200,"enableServerSnippets":true,"hotReloadPatterns":[],"enableCompletionCommitCharacters":false,"enableSdkFormatter":true,"enableSnippets":true,"insertArgumentPlaceholders":true,"lineLength":80,"lspSnippetTextEdits":true,"renameFilesWithClasses":"never","showDartPadSampleCodeLens":true,"showMainCodeLens":true,"showTestCodeLens":true,"updateImportsOnRename":true,"warnWhenEditingFilesOutsideWorkspace":false,"warnWhenEditingFilesInPubCache":true,"flutterAdbConnectOnChromeOs":false,"flutterAdditionalArgs":[],"flutterAttachAdditionalArgs":[],"flutterCreateAndroidLanguage":"kotlin","flutterCreateIOSLanguage":"swift","flutterCreatePlatforms":null,"offline":false,"flutterCreateOrganization":null,"flutterCustomEmulators":[],"flutterGutterIcons":true,"flutterHotReloadOnSave":"manual","hotReloadOnSave":"never","flutterGenerateLocalizationsOnSave":"never","flutterOutline":true,"flutterRunAdditionalArgs":[],"flutterScreenshotPath":null,"flutterRememberSelectedDevice":true,"flutterSelectDeviceWhenConnected":true,"flutterShowEmulators":"local","flutterShowWe…
[10:51:58] [Analyzer] [Info] <== Content-Length: 7018
Content-Type: application/vscode-jsonrpc; charset=utf-8

{"id":2,"jsonrpc":"2.0","method":"client/registerCapability","params":{"registrations":[{"id":"0","method":"textDocument/prepareCallHierarchy","registerOptions":{"documentSelector":[{"language":"dart","scheme":"file"},{"language":"dart","scheme":"dart-macro+file"}]}},{"id":"1","method":"textDocument/codeAction","registerOptions":{"codeActionKinds":["source","source.organizeImports","source.fixAll","source.sortMembers","quickfix","refactor"],"documentSelector":[{"language":"dart","scheme":"file"},{"language":"dart","scheme":"dart-macro+file"}]}},{"id":"2","method":"textDocument/codeLens","registerOptions":{"documentSelector":[{"language":"dart","scheme":"file"},{"language":"dart","scheme":"dart-macro+file"}]}},{"id":"3","method":"textDocument/completion","registerOptions":{"completionItem":{"labelDetailsSupport":true},"documentSelector":[{"language":"dart","scheme":"file"},{"language":"dart","scheme":"dart-macro+file"}],"resolveProvider":true,"triggerCharacters":[".","=","(","$","\"","'","{","/",":"]}},{"id":"4","method":"textDocument/completion","registerOptions":{"documentSelector":[{"language":"yaml","pattern":"**/pubspec.yaml","scheme":"file"},{"language":"yaml","pattern":"**/analysis_options.yaml","scheme":"file"},{"language":"yaml","pattern":"**/lib/{fix_data.yaml,fix_data/**.yaml}","scheme":"file"}],"resolveProvider":true}},{"id":"5","method":"textDocument/definition","registerOptions":{"documentSelector":[{"language":"dart","scheme":"file"},{"language":"dart","scheme":"dart-macro+file"}]}},{"id":"6","method":"textDocument/documentLink","registerOptions":{"documentSelector":[{"language":"dart","scheme":"file"},{"language":"dart","scheme":"dart-macro+file"},{"language":"yaml","pattern":"**/pubspec.yaml","scheme":"file"},{"language":"yaml","pattern":"**/analysis_options.yaml","scheme":"file"}],"resolveProvider":false}},{"id":"7","method":"textDocument/documentColor","registerOpt…
[10:51:59] [Analyzer] [Info] <== Content-Length: 97
Content-Type: application/vscode-jsonrpc; charset=utf-8
[10:51:59] [Analyzer] [Info] ==> Content-Length: 72
[10:51:59] [Analyzer] [Info] ==> {"jsonrpc":"2.0","id":2,"result":null,"clientRequestTime":1755525119010}
[10:52:00] [Analyzer] [Info] <== {"id":3,"jsonrpc":"2.0","method":"window/workDoneProgress/create","params":{"token":"ANALYZING"}}
[10:52:00] [Analyzer] [Info] ==> Content-Length: 72
[10:52:00] [Analyzer] [Info] ==> {"jsonrpc":"2.0","id":3,"result":null,"clientRequestTime":1755525120351}
[10:52:03] [Analyzer] [Info] <== Content-Length: 118
Content-Type: application/vscode-jsonrpc; charset=utf-8

{"jsonrpc":"2.0","method":"$/progress","params":{"token":"ANALYZING","value":{"kind":"begin","title":"Analyzing…"}}}Content-Length: 93
Content-Type: application/vscode-jsonrpc; charset=utf-8

{"jsonrpc":"2.0","method":"$/progress","params":{"token":"ANALYZING","value":{"kind":"end"}}}
[10:52:29] [Analyzer] [Info] <== Content-Length: 97
Content-Type: application/vscode-jsonrpc; charset=utf-8
[10:52:29] [Analyzer] [Info] <== {"id":4,"jsonrpc":"2.0","method":"window/workDoneProgress/create","params":{"token":"ANALYZING"}}
[10:52:29] [Analyzer] [Info] ==> Content-Length: 72
[10:52:29] [Analyzer] [Info] ==> {"jsonrpc":"2.0","id":4,"result":null,"clientRequestTime":1755525149398}
[10:52:29] [Analyzer] [Info] <== Content-Length: 118
Content-Type: application/vscode-jsonrpc; charset=utf-8
[10:52:29] [Analyzer] [Info] <== {"jsonrpc":"2.0","method":"$/progress","params":{"token":"ANALYZING","value":{"kind":"begin","title":"Analyzing…"}}}
[10:52:29] [Analyzer] [Info] <== Content-Length: 93
Content-Type: application/vscode-jsonrpc; charset=utf-8

{"jsonrpc":"2.0","method":"$/progress","params":{"token":"ANALYZING","value":{"kind":"end"}}}
[10:52:34] [Analyzer] [Info] <== Content-Length: 97
Content-Type: application/vscode-jsonrpc; charset=utf-8
[10:52:34] [Analyzer] [Info] <== {"id":5,"jsonrpc":"2.0","method":"window/workDoneProgress/create","params":{"token":"ANALYZING"}}
[10:52:34] [Analyzer] [Info] ==> Content-Length: 72
[10:52:34] [Analyzer] [Info] ==> {"jsonrpc":"2.0","id":5,"result":null,"clientRequestTime":1755525154437}
[10:52:34] [Analyzer] [Info] <== Content-Length: 118
Content-Type: application/vscode-jsonrpc; charset=utf-8

{"jsonrpc":"2.0","method":"$/progress","params":{"token":"ANALYZING","value":{"kind":"begin","title":"Analyzing…"}}}
[10:52:34] [Analyzer] [Info] <== Content-Length: 93
Content-Type: application/vscode-jsonrpc; charset=utf-8

{"jsonrpc":"2.0","method":"$/progress","params":{"token":"ANALYZING","value":{"kind":"end"}}}
[10:52:35] [Analyzer] [Info] <== Content-Length: 97
Content-Type: application/vscode-jsonrpc; charset=utf-8
[10:52:35] [Analyzer] [Info] <== {"id":6,"jsonrpc":"2.0","method":"window/workDoneProgress/create","params":{"token":"ANALYZING"}}
[10:52:35] [Analyzer] [Info] ==> Content-Length: 72
[10:52:35] [Analyzer] [Info] ==> {"jsonrpc":"2.0","id":6,"result":null,"clientRequestTime":1755525155896}
[10:52:36] [Analyzer] [Info] <== Content-Length: 118
Content-Type: application/vscode-jsonrpc; charset=utf-8
[10:52:36] [Analyzer] [Info] <== {"jsonrpc":"2.0","method":"$/progress","params":{"token":"ANALYZING","value":{"kind":"begin","title":"Analyzing…"}}}
[10:52:36] [Analyzer] [Info] <== Content-Length: 93
Content-Type: application/vscode-jsonrpc; charset=utf-8
[10:52:36] [Analyzer] [Info] <== {"jsonrpc":"2.0","method":"$/progress","params":{"token":"ANALYZING","value":{"kind":"end"}}}
[10:52:38] [Analyzer] [Info] ==> Content-Length: 280
[10:52:38] [Analyzer] [Info] ==> {"jsonrpc":"2.0","method":"workspace/didChangeWorkspaceFolders","params":{"event":{"added":[],"removed":[{"uri":"file:///D%3A/dev/dart/workspace/package","name":"Package"},{"uri":"file:///D%3A/dev/dart/workspace/project_one","name":"Project"}]}},"clientRequestTime":1755525158960}
Mon Aug 18 2025 [10:52:39 GMT-0300 (Horário Padrão de Brasília)] Log file ended
