!! ⚠️ PLEASE REVIEW THIS LOG FOR SENSITIVE INFORMATION BEFORE SHARING ⚠️ !!
Dart Code extension: 3.117.20250813
Flutter extension: 3.117.20250731 (not activated)

App: Visual Studio Code
App Host: desktop
Version: win 1.103.1


Logging Categories:
    DartToolingDaemon

Mon Aug 18 2025 [10:51:46 GMT-0300 (Horário Padrão de Brasília)] Log file started
[10:51:46] [DartToolingDaemon] [Info] Spawning C:\Users\felip_0vh5fa6\.puro\shared\caches\ef0cd000916d64fa0c5d09cc809fa7ad244a5767\dart-sdk\bin\dart.exe with args ["tooling-daemon","--machine"]
[10:51:46] [DartToolingDaemon] [Info] ..  with {"toolEnv":{"FLUTTER_HOST":"VSCode","PUB_ENVIRONMENT":"vscode.dart-code"}}
[10:51:46] [DartToolingDaemon] [Info]     PID: 36704
[10:51:53] [DartToolingDaemon] [Info] <== {"tooling_daemon_details":{"uri":"ws://127.0.0.1:21262/neWCSSrNtYw=","trusted_client_secret":"bUu280zXeLw="}}
[10:51:53] [DartToolingDaemon] [Info] Connecting to DTD at ws://127.0.0.1:21262/neWCSSrNtYw=...
[10:51:55] [DartToolingDaemon] [Info] Connected to DTD
[10:51:55] [DartToolingDaemon] [Info] ==> {"id":"1","jsonrpc":"2.0","method":"FileSystem.setIDEWorkspaceRoots","params":{"secret":"bUu280zXeLw=","roots":["file:///d%3A/dev/dart/workspace/project_one","file:///d%3A/dev/dart/workspace/package"]}}
[10:51:55] [DartToolingDaemon] [Info] ==> {"id":"2","jsonrpc":"2.0","method":"registerService","params":{"service":"Editor","method":"getDebugSessions"}}
[10:51:55] [DartToolingDaemon] [Info] ==> {"id":"3","jsonrpc":"2.0","method":"registerService","params":{"service":"Editor","method":"hotReload"}}
[10:51:55] [DartToolingDaemon] [Info] ==> {"id":"4","jsonrpc":"2.0","method":"registerService","params":{"service":"Editor","method":"hotRestart"}}
[10:51:55] [DartToolingDaemon] [Info] ==> {"id":"5","jsonrpc":"2.0","method":"registerService","params":{"service":"Editor","method":"openDevToolsPage","capabilities":{"supportsForceExternal":true}}}
[10:51:55] [DartToolingDaemon] [Info] ==> {"jsonrpc":"2.0","method":"postEvent","params":{"eventData":{"selections":[]},"eventKind":"activeLocationChanged","streamId":"Editor"}}
[10:51:55] [DartToolingDaemon] [Info] ==> {"id":"6","jsonrpc":"2.0","method":"streamListen","params":{"streamId":"Service"}}
[10:51:57] [DartToolingDaemon] [Info] <== {"jsonrpc":"2.0","result":{"type":"Success"},"id":"1"}
[10:51:57] [DartToolingDaemon] [Info] <== {"jsonrpc":"2.0","result":{"type":"Success"},"id":"2"}
[10:51:57] [DartToolingDaemon] [Info] <== {"jsonrpc":"2.0","result":{"type":"Success"},"id":"3"}
[10:51:57] [DartToolingDaemon] [Info] <== {"jsonrpc":"2.0","result":{"type":"Success"},"id":"4"}
[10:51:57] [DartToolingDaemon] [Info] <== {"jsonrpc":"2.0","result":{"type":"Success"},"id":"5"}
[10:51:57] [DartToolingDaemon] [Info] <== {"jsonrpc":"2.0","method":"streamNotify","params":{"streamId":"Service","eventKind":"ServiceRegistered","eventData":{"service":"Editor","method":"getDebugSessions"},"timestamp":1755525115787}}
[10:51:57] [DartToolingDaemon] [Info] <== {"jsonrpc":"2.0","method":"streamNotify","params":{"streamId":"Service","eventKind":"ServiceRegistered","eventData":{"service":"Editor","method":"hotReload"},"timestamp":1755525115787}}
[10:51:57] [DartToolingDaemon] [Info] <== {"jsonrpc":"2.0","method":"streamNotify","params":{"streamId":"Service","eventKind":"ServiceRegistered","eventData":{"service":"Editor","method":"hotRestart"},"timestamp":1755525115787}}
[10:51:57] [DartToolingDaemon] [Info] <== {"jsonrpc":"2.0","method":"streamNotify","params":{"streamId":"Service","eventKind":"ServiceRegistered","eventData":{"service":"Editor","method":"openDevToolsPage","capabilities":{"supportsForceExternal":true}},"timestamp":1755525115787}}
[10:51:57] [DartToolingDaemon] [Info] <== {"jsonrpc":"2.0","result":{"type":"Success"},"id":"6"}
[10:52:00] [DartToolingDaemon] [Info] <== {"jsonrpc":"2.0","method":"streamNotify","params":{"streamId":"Service","eventKind":"ServiceRegistered","eventData":{"service":"Lsp","method":"dart/textDocument/editableArguments"},"timestamp":1755525119606}}
[10:52:00] [DartToolingDaemon] [Info] <== {"jsonrpc":"2.0","method":"streamNotify","params":{"streamId":"Service","eventKind":"ServiceRegistered","eventData":{"service":"Lsp","method":"dart/textDocument/editArgument"},"timestamp":1755525119609}}
[10:52:38] [DartToolingDaemon] [Info] ==> {"id":"7","jsonrpc":"2.0","method":"FileSystem.setIDEWorkspaceRoots","params":{"secret":"bUu280zXeLw=","roots":[]}}
[10:52:38] [DartToolingDaemon] [Info] <== {"jsonrpc":"2.0","result":{"type":"Success"},"id":"7"}
Mon Aug 18 2025 [10:52:39 GMT-0300 (Horário Padrão de Brasília)] Log file ended
