!! ⚠️ PLEASE REVIEW THIS LOG FOR SENSITIVE INFORMATION BEFORE SHARING ⚠️ !!
Dart Code extension: 3.117.20250813
Flutter extension: 3.117.20250731 (not activated)

App: Visual Studio Code
App Host: desktop
Version: win 1.103.1


Logging Categories:
    General

Mon Aug 18 2025 [10:51:46 GMT-0300 (Horário Padrão de Brasília)] Log file started
[10:51:46] [General] [Info] Searching for SDKs...
[10:51:46] [General] [Info] Environment PATH:
[10:51:46] [General] [Info]     C:\Program Files\PowerShell\7
[10:51:46] [General] [Info]     C:\Users\felip_0vh5fa6\AppData\Local\depot_tools\python-bin
[10:51:46] [General] [Info]     C:\Users\felip_0vh5fa6\AppData\Local\depot_tools
[10:51:46] [General] [Info]     C:\Users\felip_0vh5fa6\Documents\Projects\clones\devtools\tool\bin
[10:51:46] [General] [Info]     C:\Program Files (x86)\NVIDIA Corporation\PhysX\Common
[10:51:46] [General] [Info]     C:\Program Files\Java\jdk-17\bin
[10:51:46] [General] [Info]     C:\Python311\Scripts\
[10:51:46] [General] [Info]     C:\Python311\
[10:51:46] [General] [Info]     C:\Program Files\CodeBlocks\MinGW\bin
[10:51:46] [General] [Info]     C:\Windows\System32
[10:51:46] [General] [Info]     C:\Windows
[10:51:46] [General] [Info]     C:\Windows\System32\wbem
[10:51:46] [General] [Info]     C:\Windows\System32\WindowsPowerShell\v1.0\
[10:51:46] [General] [Info]     C:\Windows\System32\OpenSSH\
[10:51:46] [General] [Info]     C:\Users\felip_0vh5fa6\AppData\Local\GitHubDesktop\app-3.0.8\resources\app\git\mingw64\bin
[10:51:46] [General] [Info]     C:\src\flutter\bin
[10:51:46] [General] [Info]     C:\msys64\usr\bin
[10:51:46] [General] [Info]     C:\msys64\mingw64\bin
[10:51:46] [General] [Info]     C:\Users\felip_0vh5fa6\AppData\Local\Android\Sdk\platform-tools
[10:51:46] [General] [Info]     C:\Program Files\dotnet\
[10:51:46] [General] [Info]     C:\Program Files\Microsoft SQL Server\150\Tools\Binn\
[10:51:46] [General] [Info]     C:\Program Files\Microsoft SQL Server\Client SDK\ODBC\170\Tools\Binn\
[10:51:46] [General] [Info]     C:\Users\felip_0vh5fa6\AppData\Local\Pub\Cache\bin
[10:51:46] [General] [Info]     C:\Users\felip\AppData\Roaming\nvm
[10:51:46] [General] [Info]     C:\Program Files\nodejs
[10:51:46] [General] [Info]     C:\ProgramData\chocolatey\bin
[10:51:46] [General] [Info]     C:\Users\felip_0vh5fa6\AppData\Local\JetBrains\Toolbox\apps\AndroidStudio\ch-0\222.4459.24.2221.9862592\jre\bin
[10:51:46] [General] [Info]     C:\Program Files\PostgreSQL\9.5\bin
[10:51:46] [General] [Info]     C:\Windows\System32
[10:51:46] [General] [Info]     C:\Windows
[10:51:46] [General] [Info]     C:\Windows\System32\wbem
[10:51:46] [General] [Info]     C:\Windows\System32\WindowsPowerShell\v1.0\
[10:51:46] [General] [Info]     C:\Windows\System32\OpenSSH\
[10:51:46] [General] [Info]     C:\Program Files\FirefoxPWA\
[10:51:46] [General] [Info]     C:\Program Files (x86)\Windows Kits\10\Windows Performance Toolkit\
[10:51:46] [General] [Info]     C:\Program Files\GitHub CLI\
[10:51:46] [General] [Info]     C:\Program Files\TortoiseSVN\bin
[10:51:46] [General] [Info]     C:\Program Files\Microsoft VS Code Insiders\bin
[10:51:46] [General] [Info]     D:\dev\dart\git_branches_by_date\build\win\
[10:51:46] [General] [Info]     C:\Program Files (x86)\Gpg4win\..\GnuPG\bin
[10:51:46] [General] [Info]     C:\Program Files\nodejs\
[10:51:46] [General] [Info]     C:\Program Files\PowerShell\7\
[10:51:46] [General] [Info]     C:\Program Files\Git\cmd
[10:51:46] [General] [Info]     C:\Users\felip_0vh5fa6\AppData\Local\depot_tools\python-bin
[10:51:46] [General] [Info]     C:\Users\felip_0vh5fa6\AppData\Local\depot_tools\
[10:51:46] [General] [Info]     C:\Users\felip_0vh5fa6\scoop\shims
[10:51:46] [General] [Info]     C:\Users\felip_0vh5fa6\Documents\Projects\clones\devtools\tool\bin
[10:51:46] [General] [Info]     C:\Users\felip_0vh5fa6\.cargo\bin
[10:51:46] [General] [Info]     C:\Users\felip_0vh5fa6\AppData\Local\Programs\Python\Python312\Scripts\
[10:51:46] [General] [Info]     C:\Users\felip_0vh5fa6\AppData\Local\Programs\Python\Python312\
[10:51:46] [General] [Info]     C:\Users\felip_0vh5fa6\AppData\Local\Microsoft\WindowsApps
[10:51:46] [General] [Info]     C:\Users\felip_0vh5fa6\AppData\Local\Programs\Microsoft VS Code\bin
[10:51:46] [General] [Info]     C:\Users\felip_0vh5fa6\AppData\Local\GitHubDesktop\bin
[10:51:46] [General] [Info]     C:\Users\felip_0vh5fa6\AppData\Local\JetBrains\Toolbox\scripts
[10:51:46] [General] [Info]     C:\Users\felip_0vh5fa6\AppData\Roaming\npm
[10:51:46] [General] [Info]     C:\Users\felip_0vh5fa6\AppData\Local\Programs\GnuPG\bin
[10:51:46] [General] [Info]     C:\Users\felip_0vh5fa6\.puro\bin
[10:51:46] [General] [Info]     C:\Users\felip_0vh5fa6\.puro\shared\pub_cache\bin
[10:51:46] [General] [Info]     C:\Users\felip_0vh5fa6\.puro\envs\default\flutter\bin
[10:51:46] [General] [Info]     C:\Program Files (x86)\Nmap\
[10:51:46] [General] [Info]     C:\Program Files\mosquitto
[10:51:46] [General] [Info]     C:\Users\felip_0vh5fa6\AppData\Local\Microsoft\WindowsApps
[10:51:46] [General] [Info]     D:\dev\dart\git_branches_by_date\build\win\
[10:51:46] [General] [Info]     C:\Users\felip_0vh5fa6\AppData\Local\Microsoft\WinGet\Links
[10:51:46] [General] [Info] Took 182ms to search for 2 projects (5 levels)
[10:51:46] [General] [Info]     Found projects:
[10:51:46] [General] [Info]         D:\dev\dart\workspace\project_one
[10:51:46] [General] [Info]         D:\dev\dart\workspace\package
[10:51:46] [General] [Info] Took 23ms to filter out excluded projects (0 exclusion rules). 2 projects remain.
[10:51:46] [General] [Info] Found non-Flutter project at D:\dev\dart\workspace\project_one (Pubspec? true, Mobile? false, Create Trigger? false, Flutter Repo? false)
[10:51:46] [General] [Info] Found non-Flutter project at D:\dev\dart\workspace\package (Pubspec? true, Mobile? false, Create Trigger? false, Flutter Repo? false)
[10:51:46] [General] [Info] Searching for flutter.bat
[10:51:46] [General] [Info]     Looking for flutter.bat in:
[10:51:46] [General] [Info]         C:\Program Files\PowerShell\7
[10:51:46] [General] [Info]         C:\Program Files\PowerShell\7 -> C:\Program Files\PowerShell\7\bin
[10:51:46] [General] [Info]         C:\Users\felip_0vh5fa6\AppData\Local\depot_tools\python-bin
[10:51:46] [General] [Info]         C:\Users\felip_0vh5fa6\AppData\Local\depot_tools\python-bin -> C:\Users\felip_0vh5fa6\AppData\Local\depot_tools\python-bin\bin
[10:51:46] [General] [Info]         C:\Users\felip_0vh5fa6\AppData\Local\depot_tools
[10:51:46] [General] [Info]         C:\Users\felip_0vh5fa6\AppData\Local\depot_tools -> C:\Users\felip_0vh5fa6\AppData\Local\depot_tools\bin
[10:51:46] [General] [Info]         C:\Users\felip_0vh5fa6\Documents\Projects\clones\devtools\tool\bin
[10:51:46] [General] [Info]         C:\Program Files (x86)\NVIDIA Corporation\PhysX\Common
[10:51:46] [General] [Info]         C:\Program Files (x86)\NVIDIA Corporation\PhysX\Common -> C:\Program Files (x86)\NVIDIA Corporation\PhysX\Common\bin
[10:51:46] [General] [Info]         C:\Program Files\Java\jdk-17\bin
[10:51:46] [General] [Info]         C:\Python311\Scripts\
[10:51:46] [General] [Info]         C:\Python311\Scripts\ -> C:\Python311\Scripts\bin
[10:51:46] [General] [Info]         C:\Python311\
[10:51:46] [General] [Info]         C:\Python311\ -> C:\Python311\bin
[10:51:46] [General] [Info]         C:\Program Files\CodeBlocks\MinGW\bin
[10:51:46] [General] [Info]         C:\Windows\System32
[10:51:46] [General] [Info]         C:\Windows\System32 -> C:\Windows\System32\bin
[10:51:46] [General] [Info]         C:\Windows
[10:51:46] [General] [Info]         C:\Windows -> C:\Windows\bin
[10:51:46] [General] [Info]         C:\Windows\System32\wbem
[10:51:46] [General] [Info]         C:\Windows\System32\wbem -> C:\Windows\System32\wbem\bin
[10:51:46] [General] [Info]         C:\Windows\System32\WindowsPowerShell\v1.0\
[10:51:46] [General] [Info]         C:\Windows\System32\WindowsPowerShell\v1.0\ -> C:\Windows\System32\WindowsPowerShell\v1.0\bin
[10:51:46] [General] [Info]         C:\Windows\System32\OpenSSH\
[10:51:46] [General] [Info]         C:\Windows\System32\OpenSSH\ -> C:\Windows\System32\OpenSSH\bin
[10:51:46] [General] [Info]         C:\Users\felip_0vh5fa6\AppData\Local\GitHubDesktop\app-3.0.8\resources\app\git\mingw64\bin
[10:51:46] [General] [Info]         C:\src\flutter\bin
[10:51:46] [General] [Info]         C:\msys64\usr\bin
[10:51:46] [General] [Info]         C:\msys64\mingw64\bin
[10:51:46] [General] [Info]         C:\Users\felip_0vh5fa6\AppData\Local\Android\Sdk\platform-tools
[10:51:46] [General] [Info]         C:\Users\felip_0vh5fa6\AppData\Local\Android\Sdk\platform-tools -> C:\Users\felip_0vh5fa6\AppData\Local\Android\Sdk\platform-tools\bin
[10:51:46] [General] [Info]         C:\Program Files\dotnet\
[10:51:46] [General] [Info]         C:\Program Files\dotnet\ -> C:\Program Files\dotnet\bin
[10:51:46] [General] [Info]         C:\Program Files\Microsoft SQL Server\150\Tools\Binn\
[10:51:46] [General] [Info]         C:\Program Files\Microsoft SQL Server\150\Tools\Binn\ -> C:\Program Files\Microsoft SQL Server\150\Tools\Binn\bin
[10:51:46] [General] [Info]         C:\Program Files\Microsoft SQL Server\Client SDK\ODBC\170\Tools\Binn\
[10:51:46] [General] [Info]         C:\Program Files\Microsoft SQL Server\Client SDK\ODBC\170\Tools\Binn\ -> C:\Program Files\Microsoft SQL Server\Client SDK\ODBC\170\Tools\Binn\bin
[10:51:46] [General] [Info]         C:\Users\felip_0vh5fa6\AppData\Local\Pub\Cache\bin
[10:51:46] [General] [Info]         C:\Users\felip\AppData\Roaming\nvm
[10:51:46] [General] [Info]         C:\Users\felip\AppData\Roaming\nvm -> C:\Users\felip\AppData\Roaming\nvm\bin
[10:51:46] [General] [Info]         C:\Program Files\nodejs
[10:51:46] [General] [Info]         C:\Program Files\nodejs -> C:\Program Files\nodejs\bin
[10:51:46] [General] [Info]         C:\ProgramData\chocolatey\bin
[10:51:46] [General] [Info]         C:\Users\felip_0vh5fa6\AppData\Local\JetBrains\Toolbox\apps\AndroidStudio\ch-0\222.4459.24.2221.9862592\jre\bin
[10:51:46] [General] [Info]         C:\Program Files\PostgreSQL\9.5\bin
[10:51:46] [General] [Info]         C:\Windows\System32
[10:51:46] [General] [Info]         C:\Windows\System32 -> C:\Windows\System32\bin
[10:51:46] [General] [Info]         C:\Windows
[10:51:46] [General] [Info]         C:\Windows -> C:\Windows\bin
[10:51:46] [General] [Info]         C:\Windows\System32\wbem
[10:51:46] [General] [Info]         C:\Windows\System32\wbem -> C:\Windows\System32\wbem\bin
[10:51:46] [General] [Info]         C:\Windows\System32\WindowsPowerShell\v1.0\
[10:51:46] [General] [Info]         C:\Windows\System32\WindowsPowerShell\v1.0\ -> C:\Windows\System32\WindowsPowerShell\v1.0\bin
[10:51:46] [General] [Info]         C:\Windows\System32\OpenSSH\
[10:51:46] [General] [Info]         C:\Windows\System32\OpenSSH\ -> C:\Windows\System32\OpenSSH\bin
[10:51:46] [General] [Info]         C:\Program Files\FirefoxPWA\
[10:51:46] [General] [Info]         C:\Program Files\FirefoxPWA\ -> C:\Program Files\FirefoxPWA\bin
[10:51:46] [General] [Info]         C:\Program Files (x86)\Windows Kits\10\Windows Performance Toolkit\
[10:51:46] [General] [Info]         C:\Program Files (x86)\Windows Kits\10\Windows Performance Toolkit\ -> C:\Program Files (x86)\Windows Kits\10\Windows Performance Toolkit\bin
[10:51:46] [General] [Info]         C:\Program Files\GitHub CLI\
[10:51:46] [General] [Info]         C:\Program Files\GitHub CLI\ -> C:\Program Files\GitHub CLI\bin
[10:51:46] [General] [Info]         C:\Program Files\TortoiseSVN\bin
[10:51:46] [General] [Info]         C:\Program Files\Microsoft VS Code Insiders\bin
[10:51:46] [General] [Info]         D:\dev\dart\git_branches_by_date\build\win\
[10:51:46] [General] [Info]         D:\dev\dart\git_branches_by_date\build\win\ -> D:\dev\dart\git_branches_by_date\build\win\bin
[10:51:46] [General] [Info]         C:\Program Files (x86)\Gpg4win\..\GnuPG\bin
[10:51:46] [General] [Info]         C:\Program Files\nodejs\
[10:51:46] [General] [Info]         C:\Program Files\nodejs\ -> C:\Program Files\nodejs\bin
[10:51:46] [General] [Info]         C:\Program Files\PowerShell\7\
[10:51:46] [General] [Info]         C:\Program Files\PowerShell\7\ -> C:\Program Files\PowerShell\7\bin
[10:51:46] [General] [Info]         C:\Program Files\Git\cmd
[10:51:46] [General] [Info]         C:\Program Files\Git\cmd -> C:\Program Files\Git\cmd\bin
[10:51:46] [General] [Info]         C:\Users\felip_0vh5fa6\AppData\Local\depot_tools\python-bin
[10:51:46] [General] [Info]         C:\Users\felip_0vh5fa6\AppData\Local\depot_tools\python-bin -> C:\Users\felip_0vh5fa6\AppData\Local\depot_tools\python-bin\bin
[10:51:46] [General] [Info]         C:\Users\felip_0vh5fa6\AppData\Local\depot_tools\
[10:51:46] [General] [Info]         C:\Users\felip_0vh5fa6\AppData\Local\depot_tools\ -> C:\Users\felip_0vh5fa6\AppData\Local\depot_tools\bin
[10:51:46] [General] [Info]         C:\Users\felip_0vh5fa6\scoop\shims
[10:51:46] [General] [Info]         C:\Users\felip_0vh5fa6\scoop\shims -> C:\Users\felip_0vh5fa6\scoop\shims\bin
[10:51:46] [General] [Info]         C:\Users\felip_0vh5fa6\Documents\Projects\clones\devtools\tool\bin
[10:51:46] [General] [Info]         C:\Users\felip_0vh5fa6\.cargo\bin
[10:51:46] [General] [Info]         C:\Users\felip_0vh5fa6\AppData\Local\Programs\Python\Python312\Scripts\
[10:51:46] [General] [Info]         C:\Users\felip_0vh5fa6\AppData\Local\Programs\Python\Python312\Scripts\ -> C:\Users\felip_0vh5fa6\AppData\Local\Programs\Python\Python312\Scripts\bin
[10:51:46] [General] [Info]         C:\Users\felip_0vh5fa6\AppData\Local\Programs\Python\Python312\
[10:51:46] [General] [Info]         C:\Users\felip_0vh5fa6\AppData\Local\Programs\Python\Python312\ -> C:\Users\felip_0vh5fa6\AppData\Local\Programs\Python\Python312\bin
[10:51:46] [General] [Info]         C:\Users\felip_0vh5fa6\AppData\Local\Microsoft\WindowsApps
[10:51:46] [General] [Info]         C:\Users\felip_0vh5fa6\AppData\Local\Microsoft\WindowsApps -> C:\Users\felip_0vh5fa6\AppData\Local\Microsoft\WindowsApps\bin
[10:51:46] [General] [Info]         C:\Users\felip_0vh5fa6\AppData\Local\Programs\Microsoft VS Code\bin
[10:51:46] [General] [Info]         C:\Users\felip_0vh5fa6\AppData\Local\GitHubDesktop\bin
[10:51:46] [General] [Info]         C:\Users\felip_0vh5fa6\AppData\Local\JetBrains\Toolbox\scripts
[10:51:46] [General] [Info]         C:\Users\felip_0vh5fa6\AppData\Local\JetBrains\Toolbox\scripts -> C:\Users\felip_0vh5fa6\AppData\Local\JetBrains\Toolbox\scripts\bin
[10:51:46] [General] [Info]         C:\Users\felip_0vh5fa6\AppData\Roaming\npm
[10:51:46] [General] [Info]         C:\Users\felip_0vh5fa6\AppData\Roaming\npm -> C:\Users\felip_0vh5fa6\AppData\Roaming\npm\bin
[10:51:46] [General] [Info]         C:\Users\felip_0vh5fa6\AppData\Local\Programs\GnuPG\bin
[10:51:46] [General] [Info]         C:\Users\felip_0vh5fa6\.puro\bin
[10:51:46] [General] [Info]         C:\Users\felip_0vh5fa6\.puro\shared\pub_cache\bin
[10:51:46] [General] [Info]         C:\Users\felip_0vh5fa6\.puro\envs\default\flutter\bin
[10:51:46] [General] [Info]         C:\Program Files (x86)\Nmap\
[10:51:46] [General] [Info]         C:\Program Files (x86)\Nmap\ -> C:\Program Files (x86)\Nmap\bin
[10:51:46] [General] [Info]         C:\Program Files\mosquitto
[10:51:46] [General] [Info]         C:\Program Files\mosquitto -> C:\Program Files\mosquitto\bin
[10:51:46] [General] [Info]         C:\Users\felip_0vh5fa6\AppData\Local\Microsoft\WindowsApps
[10:51:46] [General] [Info]         C:\Users\felip_0vh5fa6\AppData\Local\Microsoft\WindowsApps -> C:\Users\felip_0vh5fa6\AppData\Local\Microsoft\WindowsApps\bin
[10:51:46] [General] [Info]         D:\dev\dart\git_branches_by_date\build\win\
[10:51:46] [General] [Info]         D:\dev\dart\git_branches_by_date\build\win\ -> D:\dev\dart\git_branches_by_date\build\win\bin
[10:51:46] [General] [Info]         C:\Users\felip_0vh5fa6\AppData\Local\Microsoft\WinGet\Links
[10:51:46] [General] [Info]         C:\Users\felip_0vh5fa6\AppData\Local\Microsoft\WinGet\Links -> C:\Users\felip_0vh5fa6\AppData\Local\Microsoft\WinGet\Links\bin
[10:51:46] [General] [Info]         C:\Users\felip_0vh5fa6\flutter-sdk
[10:51:46] [General] [Info]         C:\Users\felip_0vh5fa6\flutter-sdk -> C:\Users\felip_0vh5fa6\flutter-sdk\bin
[10:51:46] [General] [Info]         /google/flutter
[10:51:46] [General] [Info]         /google/flutter -> \google\flutter\bin
[10:51:46] [General] [Info]         /opt/flutter
[10:51:46] [General] [Info]         /opt/flutter -> \opt\flutter\bin
[10:51:46] [General] [Info]     Found at:
[10:51:46] [General] [Info]         C:\Users\felip_0vh5fa6\.puro\envs\default\flutter\bin
[10:51:46] [General] [Info] Following symlink: C:\Users\felip_0vh5fa6\.puro\envs\default\flutter\bin\flutter.bat -> C:\Users\felip_0vh5fa6\.puro\envs\stable\flutter\bin\flutter.bat
[10:51:46] [General] [Info]     Candidate paths to be post-filtered:
[10:51:46] [General] [Info]         C:\Users\felip_0vh5fa6\.puro\envs\default\flutter\bin -> C:\Users\felip_0vh5fa6\.puro\envs\stable\flutter
[10:51:46] [General] [Info]     Found at C:\Users\felip_0vh5fa6\.puro\envs\default\flutter\bin -> C:\Users\felip_0vh5fa6\.puro\envs\stable\flutter
[10:51:46] [General] [Info]     Returning SDK path C:\Users\felip_0vh5fa6\.puro\envs\stable\flutter for flutter.bat
[10:51:46] [General] [Info] Searching for dart.exe
[10:51:46] [General] [Info]     Looking for dart.exe in:
[10:51:46] [General] [Info]         C:\Program Files\PowerShell\7
[10:51:46] [General] [Info]         C:\Program Files\PowerShell\7 -> C:\Program Files\PowerShell\7\bin
[10:51:46] [General] [Info]         C:\Users\felip_0vh5fa6\AppData\Local\depot_tools\python-bin
[10:51:46] [General] [Info]         C:\Users\felip_0vh5fa6\AppData\Local\depot_tools\python-bin -> C:\Users\felip_0vh5fa6\AppData\Local\depot_tools\python-bin\bin
[10:51:46] [General] [Info]         C:\Users\felip_0vh5fa6\AppData\Local\depot_tools
[10:51:46] [General] [Info]         C:\Users\felip_0vh5fa6\AppData\Local\depot_tools -> C:\Users\felip_0vh5fa6\AppData\Local\depot_tools\bin
[10:51:46] [General] [Info]         C:\Users\felip_0vh5fa6\Documents\Projects\clones\devtools\tool\bin
[10:51:46] [General] [Info]         C:\Program Files (x86)\NVIDIA Corporation\PhysX\Common
[10:51:46] [General] [Info]         C:\Program Files (x86)\NVIDIA Corporation\PhysX\Common -> C:\Program Files (x86)\NVIDIA Corporation\PhysX\Common\bin
[10:51:46] [General] [Info]         C:\Program Files\Java\jdk-17\bin
[10:51:46] [General] [Info]         C:\Python311\Scripts\
[10:51:46] [General] [Info]         C:\Python311\Scripts\ -> C:\Python311\Scripts\bin
[10:51:46] [General] [Info]         C:\Python311\
[10:51:46] [General] [Info]         C:\Python311\ -> C:\Python311\bin
[10:51:46] [General] [Info]         C:\Program Files\CodeBlocks\MinGW\bin
[10:51:46] [General] [Info]         C:\Windows\System32
[10:51:46] [General] [Info]         C:\Windows\System32 -> C:\Windows\System32\bin
[10:51:46] [General] [Info]         C:\Windows
[10:51:46] [General] [Info]         C:\Windows -> C:\Windows\bin
[10:51:46] [General] [Info]         C:\Windows\System32\wbem
[10:51:46] [General] [Info]         C:\Windows\System32\wbem -> C:\Windows\System32\wbem\bin
[10:51:46] [General] [Info]         C:\Windows\System32\WindowsPowerShell\v1.0\
[10:51:46] [General] [Info]         C:\Windows\System32\WindowsPowerShell\v1.0\ -> C:\Windows\System32\WindowsPowerShell\v1.0\bin
[10:51:46] [General] [Info]         C:\Windows\System32\OpenSSH\
[10:51:46] [General] [Info]         C:\Windows\System32\OpenSSH\ -> C:\Windows\System32\OpenSSH\bin
[10:51:46] [General] [Info]         C:\Users\felip_0vh5fa6\AppData\Local\GitHubDesktop\app-3.0.8\resources\app\git\mingw64\bin
[10:51:46] [General] [Info]         C:\src\flutter\bin
[10:51:46] [General] [Info]         C:\msys64\usr\bin
[10:51:46] [General] [Info]         C:\msys64\mingw64\bin
[10:51:46] [General] [Info]         C:\Users\felip_0vh5fa6\AppData\Local\Android\Sdk\platform-tools
[10:51:46] [General] [Info]         C:\Users\felip_0vh5fa6\AppData\Local\Android\Sdk\platform-tools -> C:\Users\felip_0vh5fa6\AppData\Local\Android\Sdk\platform-tools\bin
[10:51:46] [General] [Info]         C:\Program Files\dotnet\
[10:51:46] [General] [Info]         C:\Program Files\dotnet\ -> C:\Program Files\dotnet\bin
[10:51:46] [General] [Info]         C:\Program Files\Microsoft SQL Server\150\Tools\Binn\
[10:51:46] [General] [Info]         C:\Program Files\Microsoft SQL Server\150\Tools\Binn\ -> C:\Program Files\Microsoft SQL Server\150\Tools\Binn\bin
[10:51:46] [General] [Info]         C:\Program Files\Microsoft SQL Server\Client SDK\ODBC\170\Tools\Binn\
[10:51:46] [General] [Info]         C:\Program Files\Microsoft SQL Server\Client SDK\ODBC\170\Tools\Binn\ -> C:\Program Files\Microsoft SQL Server\Client SDK\ODBC\170\Tools\Binn\bin
[10:51:46] [General] [Info]         C:\Users\felip_0vh5fa6\AppData\Local\Pub\Cache\bin
[10:51:46] [General] [Info]         C:\Users\felip\AppData\Roaming\nvm
[10:51:46] [General] [Info]         C:\Users\felip\AppData\Roaming\nvm -> C:\Users\felip\AppData\Roaming\nvm\bin
[10:51:46] [General] [Info]         C:\Program Files\nodejs
[10:51:46] [General] [Info]         C:\Program Files\nodejs -> C:\Program Files\nodejs\bin
[10:51:46] [General] [Info]         C:\ProgramData\chocolatey\bin
[10:51:46] [General] [Info]         C:\Users\felip_0vh5fa6\AppData\Local\JetBrains\Toolbox\apps\AndroidStudio\ch-0\222.4459.24.2221.9862592\jre\bin
[10:51:46] [General] [Info]         C:\Program Files\PostgreSQL\9.5\bin
[10:51:46] [General] [Info]         C:\Windows\System32
[10:51:46] [General] [Info]         C:\Windows\System32 -> C:\Windows\System32\bin
[10:51:46] [General] [Info]         C:\Windows
[10:51:46] [General] [Info]         C:\Windows -> C:\Windows\bin
[10:51:46] [General] [Info]         C:\Windows\System32\wbem
[10:51:46] [General] [Info]         C:\Windows\System32\wbem -> C:\Windows\System32\wbem\bin
[10:51:46] [General] [Info]         C:\Windows\System32\WindowsPowerShell\v1.0\
[10:51:46] [General] [Info]         C:\Windows\System32\WindowsPowerShell\v1.0\ -> C:\Windows\System32\WindowsPowerShell\v1.0\bin
[10:51:46] [General] [Info]         C:\Windows\System32\OpenSSH\
[10:51:46] [General] [Info]         C:\Windows\System32\OpenSSH\ -> C:\Windows\System32\OpenSSH\bin
[10:51:46] [General] [Info]         C:\Program Files\FirefoxPWA\
[10:51:46] [General] [Info]         C:\Program Files\FirefoxPWA\ -> C:\Program Files\FirefoxPWA\bin
[10:51:46] [General] [Info]         C:\Program Files (x86)\Windows Kits\10\Windows Performance Toolkit\
[10:51:46] [General] [Info]         C:\Program Files (x86)\Windows Kits\10\Windows Performance Toolkit\ -> C:\Program Files (x86)\Windows Kits\10\Windows Performance Toolkit\bin
[10:51:46] [General] [Info]         C:\Program Files\GitHub CLI\
[10:51:46] [General] [Info]         C:\Program Files\GitHub CLI\ -> C:\Program Files\GitHub CLI\bin
[10:51:46] [General] [Info]         C:\Program Files\TortoiseSVN\bin
[10:51:46] [General] [Info]         C:\Program Files\Microsoft VS Code Insiders\bin
[10:51:46] [General] [Info]         D:\dev\dart\git_branches_by_date\build\win\
[10:51:46] [General] [Info]         D:\dev\dart\git_branches_by_date\build\win\ -> D:\dev\dart\git_branches_by_date\build\win\bin
[10:51:46] [General] [Info]         C:\Program Files (x86)\Gpg4win\..\GnuPG\bin
[10:51:46] [General] [Info]         C:\Program Files\nodejs\
[10:51:46] [General] [Info]         C:\Program Files\nodejs\ -> C:\Program Files\nodejs\bin
[10:51:46] [General] [Info]         C:\Program Files\PowerShell\7\
[10:51:46] [General] [Info]         C:\Program Files\PowerShell\7\ -> C:\Program Files\PowerShell\7\bin
[10:51:46] [General] [Info]         C:\Program Files\Git\cmd
[10:51:46] [General] [Info]         C:\Program Files\Git\cmd -> C:\Program Files\Git\cmd\bin
[10:51:46] [General] [Info]         C:\Users\felip_0vh5fa6\AppData\Local\depot_tools\python-bin
[10:51:46] [General] [Info]         C:\Users\felip_0vh5fa6\AppData\Local\depot_tools\python-bin -> C:\Users\felip_0vh5fa6\AppData\Local\depot_tools\python-bin\bin
[10:51:46] [General] [Info]         C:\Users\felip_0vh5fa6\AppData\Local\depot_tools\
[10:51:46] [General] [Info]         C:\Users\felip_0vh5fa6\AppData\Local\depot_tools\ -> C:\Users\felip_0vh5fa6\AppData\Local\depot_tools\bin
[10:51:46] [General] [Info]         C:\Users\felip_0vh5fa6\scoop\shims
[10:51:46] [General] [Info]         C:\Users\felip_0vh5fa6\scoop\shims -> C:\Users\felip_0vh5fa6\scoop\shims\bin
[10:51:46] [General] [Info]         C:\Users\felip_0vh5fa6\Documents\Projects\clones\devtools\tool\bin
[10:51:46] [General] [Info]         C:\Users\felip_0vh5fa6\.cargo\bin
[10:51:46] [General] [Info]         C:\Users\felip_0vh5fa6\AppData\Local\Programs\Python\Python312\Scripts\
[10:51:46] [General] [Info]         C:\Users\felip_0vh5fa6\AppData\Local\Programs\Python\Python312\Scripts\ -> C:\Users\felip_0vh5fa6\AppData\Local\Programs\Python\Python312\Scripts\bin
[10:51:46] [General] [Info]         C:\Users\felip_0vh5fa6\AppData\Local\Programs\Python\Python312\
[10:51:46] [General] [Info]         C:\Users\felip_0vh5fa6\AppData\Local\Programs\Python\Python312\ -> C:\Users\felip_0vh5fa6\AppData\Local\Programs\Python\Python312\bin
[10:51:46] [General] [Info]         C:\Users\felip_0vh5fa6\AppData\Local\Microsoft\WindowsApps
[10:51:46] [General] [Info]         C:\Users\felip_0vh5fa6\AppData\Local\Microsoft\WindowsApps -> C:\Users\felip_0vh5fa6\AppData\Local\Microsoft\WindowsApps\bin
[10:51:46] [General] [Info]         C:\Users\felip_0vh5fa6\AppData\Local\Programs\Microsoft VS Code\bin
[10:51:46] [General] [Info]         C:\Users\felip_0vh5fa6\AppData\Local\GitHubDesktop\bin
[10:51:46] [General] [Info]         C:\Users\felip_0vh5fa6\AppData\Local\JetBrains\Toolbox\scripts
[10:51:46] [General] [Info]         C:\Users\felip_0vh5fa6\AppData\Local\JetBrains\Toolbox\scripts -> C:\Users\felip_0vh5fa6\AppData\Local\JetBrains\Toolbox\scripts\bin
[10:51:46] [General] [Info]         C:\Users\felip_0vh5fa6\AppData\Roaming\npm
[10:51:46] [General] [Info]         C:\Users\felip_0vh5fa6\AppData\Roaming\npm -> C:\Users\felip_0vh5fa6\AppData\Roaming\npm\bin
[10:51:46] [General] [Info]         C:\Users\felip_0vh5fa6\AppData\Local\Programs\GnuPG\bin
[10:51:46] [General] [Info]         C:\Users\felip_0vh5fa6\.puro\bin
[10:51:46] [General] [Info]         C:\Users\felip_0vh5fa6\.puro\shared\pub_cache\bin
[10:51:46] [General] [Info]         C:\Users\felip_0vh5fa6\.puro\envs\default\flutter\bin
[10:51:46] [General] [Info]         C:\Program Files (x86)\Nmap\
[10:51:46] [General] [Info]         C:\Program Files (x86)\Nmap\ -> C:\Program Files (x86)\Nmap\bin
[10:51:46] [General] [Info]         C:\Program Files\mosquitto
[10:51:46] [General] [Info]         C:\Program Files\mosquitto -> C:\Program Files\mosquitto\bin
[10:51:46] [General] [Info]         C:\Users\felip_0vh5fa6\AppData\Local\Microsoft\WindowsApps
[10:51:46] [General] [Info]         C:\Users\felip_0vh5fa6\AppData\Local\Microsoft\WindowsApps -> C:\Users\felip_0vh5fa6\AppData\Local\Microsoft\WindowsApps\bin
[10:51:46] [General] [Info]         D:\dev\dart\git_branches_by_date\build\win\
[10:51:46] [General] [Info]         D:\dev\dart\git_branches_by_date\build\win\ -> D:\dev\dart\git_branches_by_date\build\win\bin
[10:51:46] [General] [Info]         C:\Users\felip_0vh5fa6\AppData\Local\Microsoft\WinGet\Links
[10:51:46] [General] [Info]         C:\Users\felip_0vh5fa6\AppData\Local\Microsoft\WinGet\Links -> C:\Users\felip_0vh5fa6\AppData\Local\Microsoft\WinGet\Links\bin
[10:51:46] [General] [Info]         C:\Users\felip_0vh5fa6\.puro\envs\stable\flutter\bin\cache\dart-sdk
[10:51:46] [General] [Info]         C:\Users\felip_0vh5fa6\.puro\envs\stable\flutter\bin\cache\dart-sdk -> C:\Users\felip_0vh5fa6\.puro\envs\stable\flutter\bin\cache\dart-sdk\bin
[10:51:46] [General] [Info]     Found at:
[10:51:46] [General] [Info]         C:\Users\felip_0vh5fa6\.puro\envs\stable\flutter\bin\cache\dart-sdk -> C:\Users\felip_0vh5fa6\.puro\envs\stable\flutter\bin\cache\dart-sdk\bin
[10:51:46] [General] [Info] Following symlink: C:\Users\felip_0vh5fa6\.puro\envs\stable\flutter\bin\cache\dart-sdk\bin\dart.exe -> C:\Users\felip_0vh5fa6\.puro\shared\caches\ef0cd000916d64fa0c5d09cc809fa7ad244a5767\dart-sdk\bin\dart.exe
[10:51:46] [General] [Info]     Candidate paths to be post-filtered:
[10:51:46] [General] [Info]         C:\Users\felip_0vh5fa6\.puro\envs\stable\flutter\bin\cache\dart-sdk -> C:\Users\felip_0vh5fa6\.puro\shared\caches\ef0cd000916d64fa0c5d09cc809fa7ad244a5767\dart-sdk
[10:51:46] [General] [Info]     Found at C:\Users\felip_0vh5fa6\.puro\envs\stable\flutter\bin\cache\dart-sdk -> C:\Users\felip_0vh5fa6\.puro\shared\caches\ef0cd000916d64fa0c5d09cc809fa7ad244a5767\dart-sdk
[10:51:46] [General] [Info]     Returning SDK path C:\Users\felip_0vh5fa6\.puro\shared\caches\ef0cd000916d64fa0c5d09cc809fa7ad244a5767\dart-sdk for dart.exe
[10:51:46] [General] [Info] Experiment random number is 20 for experiment 'sdkDaps'. Experiment is enabled for <= 100
[10:51:46] [General] [Info] Experiment 'sdkDaps' is activating (not first time)
[10:51:46] [General] [Info] Experiment random number is 20 for experiment 'sdkDaps'. Experiment is enabled for <= 100
[10:51:46] [General] [Info] Experiment 'sdkDaps' is activating (not first time)
[10:51:46] [General] [Info] Experiment random number is 20 for experiment 'sdkDaps'. Experiment is enabled for <= 10
[10:51:46] [General] [Info] Experiment 'sdkDaps' does not apply and will not be activated
[10:51:46] [General] [Info] !! ⚠️ PLEASE REVIEW THIS LOG FOR SENSITIVE INFORMATION BEFORE SHARING ⚠️ !!
Dart Code extension: 3.117.20250813
Flutter extension: 3.117.20250731 (not activated)

App: Visual Studio Code
App Host: desktop
Version: win 1.103.1

Workspace type: Dart (LSP) (Multiroot)
Workspace name: this (Workspace)

Dart (3.8.1): C:\Users\felip_0vh5fa6\.puro\shared\caches\ef0cd000916d64fa0c5d09cc809fa7ad244a5767\dart-sdk
Flutter (3.32.8): C:\Users\felip_0vh5fa6\.puro\envs\stable\flutter (No device)
[10:51:46] [General] [Info] Returning cached results for project search
[10:51:46] [General] [Info] Found 2 Pub workspace projects with roots that are not already in the set
[10:51:46] [General] [Info] Found new Pub workspace root at D:\dev\dart\workspace
[10:51:46] [General] [Info] Version last used for Pub is 3.10.0-edge.d337376f5cd8642eced0f19b613e1a45c387cdd5 (3.10.0), current is 3.8.1 (3.8.0)
[10:51:46] [General] [Info] Found pub status for 1 folders:
    D:\dev\dart\workspace (pubRequired?: GET, reason: The current SDK version (3.8.1) is older than the one last used to run "pub get" (3.10.0-edge.d337376f5cd8642eced0f19b613e1a45c387cdd5))
[10:51:47] [General] [Info] Loaded 20000 package names from vscode-userdata:/c%3A/Users/felip_0vh5fa6/AppData/Roaming/Code/User/globalStorage/dart-code.dart-code/package_cache.json
[10:51:54] [General] [Info] Returning cached results for project search
[10:51:54] [General] [Info] Returning cached results for project search
[10:51:54] [General] [Info] Returning cached results for project search
[10:52:00] [General] [Info] Returning cached results for project search
[10:52:00] [General] [Info] Returning cached results for project search
[10:52:38] [General] [Info] Searching for SDKs...
[10:52:38] [General] [Info] Environment PATH:
[10:52:38] [General] [Info]     C:\Program Files\PowerShell\7
[10:52:38] [General] [Info]     C:\Users\felip_0vh5fa6\AppData\Local\depot_tools\python-bin
[10:52:38] [General] [Info]     C:\Users\felip_0vh5fa6\AppData\Local\depot_tools
[10:52:38] [General] [Info]     C:\Users\felip_0vh5fa6\Documents\Projects\clones\devtools\tool\bin
[10:52:38] [General] [Info]     C:\Program Files (x86)\NVIDIA Corporation\PhysX\Common
[10:52:38] [General] [Info]     C:\Program Files\Java\jdk-17\bin
[10:52:38] [General] [Info]     C:\Python311\Scripts\
[10:52:38] [General] [Info]     C:\Python311\
[10:52:38] [General] [Info]     C:\Program Files\CodeBlocks\MinGW\bin
[10:52:38] [General] [Info]     C:\Windows\System32
[10:52:38] [General] [Info]     C:\Windows
[10:52:38] [General] [Info]     C:\Windows\System32\wbem
[10:52:38] [General] [Info]     C:\Windows\System32\WindowsPowerShell\v1.0\
[10:52:38] [General] [Info]     C:\Windows\System32\OpenSSH\
[10:52:38] [General] [Info]     C:\Users\felip_0vh5fa6\AppData\Local\GitHubDesktop\app-3.0.8\resources\app\git\mingw64\bin
[10:52:38] [General] [Info]     C:\src\flutter\bin
[10:52:38] [General] [Info]     C:\msys64\usr\bin
[10:52:38] [General] [Info]     C:\msys64\mingw64\bin
[10:52:38] [General] [Info]     C:\Users\felip_0vh5fa6\AppData\Local\Android\Sdk\platform-tools
[10:52:38] [General] [Info]     C:\Program Files\dotnet\
[10:52:38] [General] [Info]     C:\Program Files\Microsoft SQL Server\150\Tools\Binn\
[10:52:38] [General] [Info]     C:\Program Files\Microsoft SQL Server\Client SDK\ODBC\170\Tools\Binn\
[10:52:38] [General] [Info]     C:\Users\felip_0vh5fa6\AppData\Local\Pub\Cache\bin
[10:52:38] [General] [Info]     C:\Users\felip\AppData\Roaming\nvm
[10:52:38] [General] [Info]     C:\Program Files\nodejs
[10:52:38] [General] [Info]     C:\ProgramData\chocolatey\bin
[10:52:38] [General] [Info]     C:\Users\felip_0vh5fa6\AppData\Local\JetBrains\Toolbox\apps\AndroidStudio\ch-0\222.4459.24.2221.9862592\jre\bin
[10:52:38] [General] [Info]     C:\Program Files\PostgreSQL\9.5\bin
[10:52:38] [General] [Info]     C:\Windows\System32
[10:52:38] [General] [Info]     C:\Windows
[10:52:38] [General] [Info]     C:\Windows\System32\wbem
[10:52:38] [General] [Info]     C:\Windows\System32\WindowsPowerShell\v1.0\
[10:52:38] [General] [Info]     C:\Windows\System32\OpenSSH\
[10:52:38] [General] [Info]     C:\Program Files\FirefoxPWA\
[10:52:38] [General] [Info]     C:\Program Files (x86)\Windows Kits\10\Windows Performance Toolkit\
[10:52:38] [General] [Info]     C:\Program Files\GitHub CLI\
[10:52:38] [General] [Info]     C:\Program Files\TortoiseSVN\bin
[10:52:38] [General] [Info]     C:\Program Files\Microsoft VS Code Insiders\bin
[10:52:38] [General] [Info]     D:\dev\dart\git_branches_by_date\build\win\
[10:52:38] [General] [Info]     C:\Program Files (x86)\Gpg4win\..\GnuPG\bin
[10:52:38] [General] [Info]     C:\Program Files\nodejs\
[10:52:38] [General] [Info]     C:\Program Files\PowerShell\7\
[10:52:38] [General] [Info]     C:\Program Files\Git\cmd
[10:52:38] [General] [Info]     C:\Users\felip_0vh5fa6\AppData\Local\depot_tools\python-bin
[10:52:38] [General] [Info]     C:\Users\felip_0vh5fa6\AppData\Local\depot_tools\
[10:52:38] [General] [Info]     C:\Users\felip_0vh5fa6\scoop\shims
[10:52:38] [General] [Info]     C:\Users\felip_0vh5fa6\Documents\Projects\clones\devtools\tool\bin
[10:52:38] [General] [Info]     C:\Users\felip_0vh5fa6\.cargo\bin
[10:52:38] [General] [Info]     C:\Users\felip_0vh5fa6\AppData\Local\Programs\Python\Python312\Scripts\
[10:52:38] [General] [Info]     C:\Users\felip_0vh5fa6\AppData\Local\Programs\Python\Python312\
[10:52:38] [General] [Info]     C:\Users\felip_0vh5fa6\AppData\Local\Microsoft\WindowsApps
[10:52:38] [General] [Info]     C:\Users\felip_0vh5fa6\AppData\Local\Programs\Microsoft VS Code\bin
[10:52:38] [General] [Info]     C:\Users\felip_0vh5fa6\AppData\Local\GitHubDesktop\bin
[10:52:38] [General] [Info]     C:\Users\felip_0vh5fa6\AppData\Local\JetBrains\Toolbox\scripts
[10:52:38] [General] [Info]     C:\Users\felip_0vh5fa6\AppData\Roaming\npm
[10:52:38] [General] [Info]     C:\Users\felip_0vh5fa6\AppData\Local\Programs\GnuPG\bin
[10:52:38] [General] [Info]     C:\Users\felip_0vh5fa6\.puro\bin
[10:52:38] [General] [Info]     C:\Users\felip_0vh5fa6\.puro\shared\pub_cache\bin
[10:52:38] [General] [Info]     C:\Users\felip_0vh5fa6\.puro\envs\default\flutter\bin
[10:52:38] [General] [Info]     C:\Program Files (x86)\Nmap\
[10:52:38] [General] [Info]     C:\Program Files\mosquitto
[10:52:38] [General] [Info]     C:\Users\felip_0vh5fa6\AppData\Local\Microsoft\WindowsApps
[10:52:38] [General] [Info]     D:\dev\dart\git_branches_by_date\build\win\
[10:52:38] [General] [Info]     C:\Users\felip_0vh5fa6\AppData\Local\Microsoft\WinGet\Links
[10:52:38] [General] [Info] Took 7ms to search for 0 projects (5 levels)
[10:52:38] [General] [Info]     Found projects:
[10:52:38] [General] [Info] Took 0ms to filter out excluded projects (0 exclusion rules). 0 projects remain.
[10:52:38] [General] [Info] Searching for flutter.bat
[10:52:38] [General] [Info]     Looking for flutter.bat in:
[10:52:38] [General] [Info]         C:\Program Files\PowerShell\7
[10:52:38] [General] [Info]         C:\Program Files\PowerShell\7 -> C:\Program Files\PowerShell\7\bin
[10:52:38] [General] [Info]         C:\Users\felip_0vh5fa6\AppData\Local\depot_tools\python-bin
[10:52:38] [General] [Info]         C:\Users\felip_0vh5fa6\AppData\Local\depot_tools\python-bin -> C:\Users\felip_0vh5fa6\AppData\Local\depot_tools\python-bin\bin
[10:52:38] [General] [Info]         C:\Users\felip_0vh5fa6\AppData\Local\depot_tools
[10:52:38] [General] [Info]         C:\Users\felip_0vh5fa6\AppData\Local\depot_tools -> C:\Users\felip_0vh5fa6\AppData\Local\depot_tools\bin
[10:52:38] [General] [Info]         C:\Users\felip_0vh5fa6\Documents\Projects\clones\devtools\tool\bin
[10:52:38] [General] [Info]         C:\Program Files (x86)\NVIDIA Corporation\PhysX\Common
[10:52:38] [General] [Info]         C:\Program Files (x86)\NVIDIA Corporation\PhysX\Common -> C:\Program Files (x86)\NVIDIA Corporation\PhysX\Common\bin
[10:52:38] [General] [Info]         C:\Program Files\Java\jdk-17\bin
[10:52:38] [General] [Info]         C:\Python311\Scripts\
[10:52:38] [General] [Info]         C:\Python311\Scripts\ -> C:\Python311\Scripts\bin
[10:52:38] [General] [Info]         C:\Python311\
[10:52:38] [General] [Info]         C:\Python311\ -> C:\Python311\bin
[10:52:38] [General] [Info]         C:\Program Files\CodeBlocks\MinGW\bin
[10:52:38] [General] [Info]         C:\Windows\System32
[10:52:38] [General] [Info]         C:\Windows\System32 -> C:\Windows\System32\bin
[10:52:38] [General] [Info]         C:\Windows
[10:52:38] [General] [Info]         C:\Windows -> C:\Windows\bin
[10:52:38] [General] [Info]         C:\Windows\System32\wbem
[10:52:38] [General] [Info]         C:\Windows\System32\wbem -> C:\Windows\System32\wbem\bin
[10:52:38] [General] [Info]         C:\Windows\System32\WindowsPowerShell\v1.0\
[10:52:38] [General] [Info]         C:\Windows\System32\WindowsPowerShell\v1.0\ -> C:\Windows\System32\WindowsPowerShell\v1.0\bin
[10:52:38] [General] [Info]         C:\Windows\System32\OpenSSH\
[10:52:38] [General] [Info]         C:\Windows\System32\OpenSSH\ -> C:\Windows\System32\OpenSSH\bin
[10:52:38] [General] [Info]         C:\Users\felip_0vh5fa6\AppData\Local\GitHubDesktop\app-3.0.8\resources\app\git\mingw64\bin
[10:52:38] [General] [Info]         C:\src\flutter\bin
[10:52:38] [General] [Info]         C:\msys64\usr\bin
[10:52:38] [General] [Info]         C:\msys64\mingw64\bin
[10:52:38] [General] [Info]         C:\Users\felip_0vh5fa6\AppData\Local\Android\Sdk\platform-tools
[10:52:38] [General] [Info]         C:\Users\felip_0vh5fa6\AppData\Local\Android\Sdk\platform-tools -> C:\Users\felip_0vh5fa6\AppData\Local\Android\Sdk\platform-tools\bin
[10:52:38] [General] [Info]         C:\Program Files\dotnet\
[10:52:38] [General] [Info]         C:\Program Files\dotnet\ -> C:\Program Files\dotnet\bin
[10:52:38] [General] [Info]         C:\Program Files\Microsoft SQL Server\150\Tools\Binn\
[10:52:38] [General] [Info]         C:\Program Files\Microsoft SQL Server\150\Tools\Binn\ -> C:\Program Files\Microsoft SQL Server\150\Tools\Binn\bin
[10:52:38] [General] [Info]         C:\Program Files\Microsoft SQL Server\Client SDK\ODBC\170\Tools\Binn\
[10:52:38] [General] [Info]         C:\Program Files\Microsoft SQL Server\Client SDK\ODBC\170\Tools\Binn\ -> C:\Program Files\Microsoft SQL Server\Client SDK\ODBC\170\Tools\Binn\bin
[10:52:38] [General] [Info]         C:\Users\felip_0vh5fa6\AppData\Local\Pub\Cache\bin
[10:52:38] [General] [Info]         C:\Users\felip\AppData\Roaming\nvm
[10:52:38] [General] [Info]         C:\Users\felip\AppData\Roaming\nvm -> C:\Users\felip\AppData\Roaming\nvm\bin
[10:52:38] [General] [Info]         C:\Program Files\nodejs
[10:52:38] [General] [Info]         C:\Program Files\nodejs -> C:\Program Files\nodejs\bin
[10:52:38] [General] [Info]         C:\ProgramData\chocolatey\bin
[10:52:38] [General] [Info]         C:\Users\felip_0vh5fa6\AppData\Local\JetBrains\Toolbox\apps\AndroidStudio\ch-0\222.4459.24.2221.9862592\jre\bin
[10:52:38] [General] [Info]         C:\Program Files\PostgreSQL\9.5\bin
[10:52:38] [General] [Info]         C:\Windows\System32
[10:52:38] [General] [Info]         C:\Windows\System32 -> C:\Windows\System32\bin
[10:52:38] [General] [Info]         C:\Windows
[10:52:38] [General] [Info]         C:\Windows -> C:\Windows\bin
[10:52:38] [General] [Info]         C:\Windows\System32\wbem
[10:52:38] [General] [Info]         C:\Windows\System32\wbem -> C:\Windows\System32\wbem\bin
[10:52:38] [General] [Info]         C:\Windows\System32\WindowsPowerShell\v1.0\
[10:52:38] [General] [Info]         C:\Windows\System32\WindowsPowerShell\v1.0\ -> C:\Windows\System32\WindowsPowerShell\v1.0\bin
[10:52:38] [General] [Info]         C:\Windows\System32\OpenSSH\
[10:52:38] [General] [Info]         C:\Windows\System32\OpenSSH\ -> C:\Windows\System32\OpenSSH\bin
[10:52:38] [General] [Info]         C:\Program Files\FirefoxPWA\
[10:52:38] [General] [Info]         C:\Program Files\FirefoxPWA\ -> C:\Program Files\FirefoxPWA\bin
[10:52:38] [General] [Info]         C:\Program Files (x86)\Windows Kits\10\Windows Performance Toolkit\
[10:52:38] [General] [Info]         C:\Program Files (x86)\Windows Kits\10\Windows Performance Toolkit\ -> C:\Program Files (x86)\Windows Kits\10\Windows Performance Toolkit\bin
[10:52:38] [General] [Info]         C:\Program Files\GitHub CLI\
[10:52:38] [General] [Info]         C:\Program Files\GitHub CLI\ -> C:\Program Files\GitHub CLI\bin
[10:52:38] [General] [Info]         C:\Program Files\TortoiseSVN\bin
[10:52:38] [General] [Info]         C:\Program Files\Microsoft VS Code Insiders\bin
[10:52:38] [General] [Info]         D:\dev\dart\git_branches_by_date\build\win\
[10:52:38] [General] [Info]         D:\dev\dart\git_branches_by_date\build\win\ -> D:\dev\dart\git_branches_by_date\build\win\bin
[10:52:38] [General] [Info]         C:\Program Files (x86)\Gpg4win\..\GnuPG\bin
[10:52:38] [General] [Info]         C:\Program Files\nodejs\
[10:52:38] [General] [Info]         C:\Program Files\nodejs\ -> C:\Program Files\nodejs\bin
[10:52:38] [General] [Info]         C:\Program Files\PowerShell\7\
[10:52:38] [General] [Info]         C:\Program Files\PowerShell\7\ -> C:\Program Files\PowerShell\7\bin
[10:52:38] [General] [Info]         C:\Program Files\Git\cmd
[10:52:38] [General] [Info]         C:\Program Files\Git\cmd -> C:\Program Files\Git\cmd\bin
[10:52:38] [General] [Info]         C:\Users\felip_0vh5fa6\AppData\Local\depot_tools\python-bin
[10:52:38] [General] [Info]         C:\Users\felip_0vh5fa6\AppData\Local\depot_tools\python-bin -> C:\Users\felip_0vh5fa6\AppData\Local\depot_tools\python-bin\bin
[10:52:38] [General] [Info]         C:\Users\felip_0vh5fa6\AppData\Local\depot_tools\
[10:52:38] [General] [Info]         C:\Users\felip_0vh5fa6\AppData\Local\depot_tools\ -> C:\Users\felip_0vh5fa6\AppData\Local\depot_tools\bin
[10:52:38] [General] [Info]         C:\Users\felip_0vh5fa6\scoop\shims
[10:52:38] [General] [Info]         C:\Users\felip_0vh5fa6\scoop\shims -> C:\Users\felip_0vh5fa6\scoop\shims\bin
[10:52:38] [General] [Info]         C:\Users\felip_0vh5fa6\Documents\Projects\clones\devtools\tool\bin
[10:52:38] [General] [Info]         C:\Users\felip_0vh5fa6\.cargo\bin
[10:52:38] [General] [Info]         C:\Users\felip_0vh5fa6\AppData\Local\Programs\Python\Python312\Scripts\
[10:52:38] [General] [Info]         C:\Users\felip_0vh5fa6\AppData\Local\Programs\Python\Python312\Scripts\ -> C:\Users\felip_0vh5fa6\AppData\Local\Programs\Python\Python312\Scripts\bin
[10:52:38] [General] [Info]         C:\Users\felip_0vh5fa6\AppData\Local\Programs\Python\Python312\
[10:52:38] [General] [Info]         C:\Users\felip_0vh5fa6\AppData\Local\Programs\Python\Python312\ -> C:\Users\felip_0vh5fa6\AppData\Local\Programs\Python\Python312\bin
[10:52:38] [General] [Info]         C:\Users\felip_0vh5fa6\AppData\Local\Microsoft\WindowsApps
[10:52:38] [General] [Info]         C:\Users\felip_0vh5fa6\AppData\Local\Microsoft\WindowsApps -> C:\Users\felip_0vh5fa6\AppData\Local\Microsoft\WindowsApps\bin
[10:52:38] [General] [Info]         C:\Users\felip_0vh5fa6\AppData\Local\Programs\Microsoft VS Code\bin
[10:52:38] [General] [Info]         C:\Users\felip_0vh5fa6\AppData\Local\GitHubDesktop\bin
[10:52:38] [General] [Info]         C:\Users\felip_0vh5fa6\AppData\Local\JetBrains\Toolbox\scripts
[10:52:38] [General] [Info]         C:\Users\felip_0vh5fa6\AppData\Local\JetBrains\Toolbox\scripts -> C:\Users\felip_0vh5fa6\AppData\Local\JetBrains\Toolbox\scripts\bin
[10:52:38] [General] [Info]         C:\Users\felip_0vh5fa6\AppData\Roaming\npm
[10:52:38] [General] [Info]         C:\Users\felip_0vh5fa6\AppData\Roaming\npm -> C:\Users\felip_0vh5fa6\AppData\Roaming\npm\bin
[10:52:38] [General] [Info]         C:\Users\felip_0vh5fa6\AppData\Local\Programs\GnuPG\bin
[10:52:38] [General] [Info]         C:\Users\felip_0vh5fa6\.puro\bin
[10:52:38] [General] [Info]         C:\Users\felip_0vh5fa6\.puro\shared\pub_cache\bin
[10:52:38] [General] [Info]         C:\Users\felip_0vh5fa6\.puro\envs\default\flutter\bin
[10:52:38] [General] [Info]         C:\Program Files (x86)\Nmap\
[10:52:38] [General] [Info]         C:\Program Files (x86)\Nmap\ -> C:\Program Files (x86)\Nmap\bin
[10:52:38] [General] [Info]         C:\Program Files\mosquitto
[10:52:38] [General] [Info]         C:\Program Files\mosquitto -> C:\Program Files\mosquitto\bin
[10:52:38] [General] [Info]         C:\Users\felip_0vh5fa6\AppData\Local\Microsoft\WindowsApps
[10:52:38] [General] [Info]         C:\Users\felip_0vh5fa6\AppData\Local\Microsoft\WindowsApps -> C:\Users\felip_0vh5fa6\AppData\Local\Microsoft\WindowsApps\bin
[10:52:38] [General] [Info]         D:\dev\dart\git_branches_by_date\build\win\
[10:52:38] [General] [Info]         D:\dev\dart\git_branches_by_date\build\win\ -> D:\dev\dart\git_branches_by_date\build\win\bin
[10:52:38] [General] [Info]         C:\Users\felip_0vh5fa6\AppData\Local\Microsoft\WinGet\Links
[10:52:38] [General] [Info]         C:\Users\felip_0vh5fa6\AppData\Local\Microsoft\WinGet\Links -> C:\Users\felip_0vh5fa6\AppData\Local\Microsoft\WinGet\Links\bin
[10:52:38] [General] [Info]         C:\Users\felip_0vh5fa6\flutter-sdk
[10:52:38] [General] [Info]         C:\Users\felip_0vh5fa6\flutter-sdk -> C:\Users\felip_0vh5fa6\flutter-sdk\bin
[10:52:38] [General] [Info]         /google/flutter
[10:52:38] [General] [Info]         /google/flutter -> \google\flutter\bin
[10:52:38] [General] [Info]         /opt/flutter
[10:52:38] [General] [Info]         /opt/flutter -> \opt\flutter\bin
[10:52:38] [General] [Info]     Found at:
[10:52:38] [General] [Info]         C:\Users\felip_0vh5fa6\.puro\envs\default\flutter\bin
[10:52:38] [General] [Info] Following symlink: C:\Users\felip_0vh5fa6\.puro\envs\default\flutter\bin\flutter.bat -> C:\Users\felip_0vh5fa6\.puro\envs\stable\flutter\bin\flutter.bat
[10:52:38] [General] [Info]     Candidate paths to be post-filtered:
[10:52:38] [General] [Info]         C:\Users\felip_0vh5fa6\.puro\envs\default\flutter\bin -> C:\Users\felip_0vh5fa6\.puro\envs\stable\flutter
[10:52:38] [General] [Info]     Found at C:\Users\felip_0vh5fa6\.puro\envs\default\flutter\bin -> C:\Users\felip_0vh5fa6\.puro\envs\stable\flutter
[10:52:38] [General] [Info]     Returning SDK path C:\Users\felip_0vh5fa6\.puro\envs\stable\flutter for flutter.bat
[10:52:38] [General] [Info] Searching for dart.exe
[10:52:38] [General] [Info]     Looking for dart.exe in:
[10:52:38] [General] [Info]         C:\Program Files\PowerShell\7
[10:52:38] [General] [Info]         C:\Program Files\PowerShell\7 -> C:\Program Files\PowerShell\7\bin
[10:52:38] [General] [Info]         C:\Users\felip_0vh5fa6\AppData\Local\depot_tools\python-bin
[10:52:38] [General] [Info]         C:\Users\felip_0vh5fa6\AppData\Local\depot_tools\python-bin -> C:\Users\felip_0vh5fa6\AppData\Local\depot_tools\python-bin\bin
[10:52:38] [General] [Info]         C:\Users\felip_0vh5fa6\AppData\Local\depot_tools
[10:52:38] [General] [Info]         C:\Users\felip_0vh5fa6\AppData\Local\depot_tools -> C:\Users\felip_0vh5fa6\AppData\Local\depot_tools\bin
[10:52:38] [General] [Info]         C:\Users\felip_0vh5fa6\Documents\Projects\clones\devtools\tool\bin
[10:52:38] [General] [Info]         C:\Program Files (x86)\NVIDIA Corporation\PhysX\Common
[10:52:38] [General] [Info]         C:\Program Files (x86)\NVIDIA Corporation\PhysX\Common -> C:\Program Files (x86)\NVIDIA Corporation\PhysX\Common\bin
[10:52:38] [General] [Info]         C:\Program Files\Java\jdk-17\bin
[10:52:38] [General] [Info]         C:\Python311\Scripts\
[10:52:38] [General] [Info]         C:\Python311\Scripts\ -> C:\Python311\Scripts\bin
[10:52:38] [General] [Info]         C:\Python311\
[10:52:38] [General] [Info]         C:\Python311\ -> C:\Python311\bin
[10:52:38] [General] [Info]         C:\Program Files\CodeBlocks\MinGW\bin
[10:52:38] [General] [Info]         C:\Windows\System32
[10:52:38] [General] [Info]         C:\Windows\System32 -> C:\Windows\System32\bin
[10:52:38] [General] [Info]         C:\Windows
[10:52:38] [General] [Info]         C:\Windows -> C:\Windows\bin
[10:52:38] [General] [Info]         C:\Windows\System32\wbem
[10:52:38] [General] [Info]         C:\Windows\System32\wbem -> C:\Windows\System32\wbem\bin
[10:52:38] [General] [Info]         C:\Windows\System32\WindowsPowerShell\v1.0\
[10:52:38] [General] [Info]         C:\Windows\System32\WindowsPowerShell\v1.0\ -> C:\Windows\System32\WindowsPowerShell\v1.0\bin
[10:52:38] [General] [Info]         C:\Windows\System32\OpenSSH\
[10:52:38] [General] [Info]         C:\Windows\System32\OpenSSH\ -> C:\Windows\System32\OpenSSH\bin
[10:52:38] [General] [Info]         C:\Users\felip_0vh5fa6\AppData\Local\GitHubDesktop\app-3.0.8\resources\app\git\mingw64\bin
[10:52:38] [General] [Info]         C:\src\flutter\bin
[10:52:38] [General] [Info]         C:\msys64\usr\bin
[10:52:38] [General] [Info]         C:\msys64\mingw64\bin
[10:52:38] [General] [Info]         C:\Users\felip_0vh5fa6\AppData\Local\Android\Sdk\platform-tools
[10:52:38] [General] [Info]         C:\Users\felip_0vh5fa6\AppData\Local\Android\Sdk\platform-tools -> C:\Users\felip_0vh5fa6\AppData\Local\Android\Sdk\platform-tools\bin
[10:52:38] [General] [Info]         C:\Program Files\dotnet\
[10:52:38] [General] [Info]         C:\Program Files\dotnet\ -> C:\Program Files\dotnet\bin
[10:52:38] [General] [Info]         C:\Program Files\Microsoft SQL Server\150\Tools\Binn\
[10:52:38] [General] [Info]         C:\Program Files\Microsoft SQL Server\150\Tools\Binn\ -> C:\Program Files\Microsoft SQL Server\150\Tools\Binn\bin
[10:52:38] [General] [Info]         C:\Program Files\Microsoft SQL Server\Client SDK\ODBC\170\Tools\Binn\
[10:52:38] [General] [Info]         C:\Program Files\Microsoft SQL Server\Client SDK\ODBC\170\Tools\Binn\ -> C:\Program Files\Microsoft SQL Server\Client SDK\ODBC\170\Tools\Binn\bin
[10:52:38] [General] [Info]         C:\Users\felip_0vh5fa6\AppData\Local\Pub\Cache\bin
[10:52:38] [General] [Info]         C:\Users\felip\AppData\Roaming\nvm
[10:52:38] [General] [Info]         C:\Users\felip\AppData\Roaming\nvm -> C:\Users\felip\AppData\Roaming\nvm\bin
[10:52:38] [General] [Info]         C:\Program Files\nodejs
[10:52:38] [General] [Info]         C:\Program Files\nodejs -> C:\Program Files\nodejs\bin
[10:52:38] [General] [Info]         C:\ProgramData\chocolatey\bin
[10:52:38] [General] [Info]         C:\Users\felip_0vh5fa6\AppData\Local\JetBrains\Toolbox\apps\AndroidStudio\ch-0\222.4459.24.2221.9862592\jre\bin
[10:52:38] [General] [Info]         C:\Program Files\PostgreSQL\9.5\bin
[10:52:38] [General] [Info]         C:\Windows\System32
[10:52:38] [General] [Info]         C:\Windows\System32 -> C:\Windows\System32\bin
[10:52:38] [General] [Info]         C:\Windows
[10:52:38] [General] [Info]         C:\Windows -> C:\Windows\bin
[10:52:38] [General] [Info]         C:\Windows\System32\wbem
[10:52:38] [General] [Info]         C:\Windows\System32\wbem -> C:\Windows\System32\wbem\bin
[10:52:38] [General] [Info]         C:\Windows\System32\WindowsPowerShell\v1.0\
[10:52:38] [General] [Info]         C:\Windows\System32\WindowsPowerShell\v1.0\ -> C:\Windows\System32\WindowsPowerShell\v1.0\bin
[10:52:38] [General] [Info]         C:\Windows\System32\OpenSSH\
[10:52:38] [General] [Info]         C:\Windows\System32\OpenSSH\ -> C:\Windows\System32\OpenSSH\bin
[10:52:38] [General] [Info]         C:\Program Files\FirefoxPWA\
[10:52:38] [General] [Info]         C:\Program Files\FirefoxPWA\ -> C:\Program Files\FirefoxPWA\bin
[10:52:38] [General] [Info]         C:\Program Files (x86)\Windows Kits\10\Windows Performance Toolkit\
[10:52:38] [General] [Info]         C:\Program Files (x86)\Windows Kits\10\Windows Performance Toolkit\ -> C:\Program Files (x86)\Windows Kits\10\Windows Performance Toolkit\bin
[10:52:38] [General] [Info]         C:\Program Files\GitHub CLI\
[10:52:38] [General] [Info]         C:\Program Files\GitHub CLI\ -> C:\Program Files\GitHub CLI\bin
[10:52:38] [General] [Info]         C:\Program Files\TortoiseSVN\bin
[10:52:38] [General] [Info]         C:\Program Files\Microsoft VS Code Insiders\bin
[10:52:38] [General] [Info]         D:\dev\dart\git_branches_by_date\build\win\
[10:52:38] [General] [Info]         D:\dev\dart\git_branches_by_date\build\win\ -> D:\dev\dart\git_branches_by_date\build\win\bin
[10:52:38] [General] [Info]         C:\Program Files (x86)\Gpg4win\..\GnuPG\bin
[10:52:38] [General] [Info]         C:\Program Files\nodejs\
[10:52:38] [General] [Info]         C:\Program Files\nodejs\ -> C:\Program Files\nodejs\bin
[10:52:38] [General] [Info]         C:\Program Files\PowerShell\7\
[10:52:38] [General] [Info]         C:\Program Files\PowerShell\7\ -> C:\Program Files\PowerShell\7\bin
[10:52:38] [General] [Info]         C:\Program Files\Git\cmd
[10:52:38] [General] [Info]         C:\Program Files\Git\cmd -> C:\Program Files\Git\cmd\bin
[10:52:38] [General] [Info]         C:\Users\felip_0vh5fa6\AppData\Local\depot_tools\python-bin
[10:52:38] [General] [Info]         C:\Users\felip_0vh5fa6\AppData\Local\depot_tools\python-bin -> C:\Users\felip_0vh5fa6\AppData\Local\depot_tools\python-bin\bin
[10:52:38] [General] [Info]         C:\Users\felip_0vh5fa6\AppData\Local\depot_tools\
[10:52:38] [General] [Info]         C:\Users\felip_0vh5fa6\AppData\Local\depot_tools\ -> C:\Users\felip_0vh5fa6\AppData\Local\depot_tools\bin
[10:52:38] [General] [Info]         C:\Users\felip_0vh5fa6\scoop\shims
[10:52:38] [General] [Info]         C:\Users\felip_0vh5fa6\scoop\shims -> C:\Users\felip_0vh5fa6\scoop\shims\bin
[10:52:38] [General] [Info]         C:\Users\felip_0vh5fa6\Documents\Projects\clones\devtools\tool\bin
[10:52:38] [General] [Info]         C:\Users\felip_0vh5fa6\.cargo\bin
[10:52:38] [General] [Info]         C:\Users\felip_0vh5fa6\AppData\Local\Programs\Python\Python312\Scripts\
[10:52:38] [General] [Info]         C:\Users\felip_0vh5fa6\AppData\Local\Programs\Python\Python312\Scripts\ -> C:\Users\felip_0vh5fa6\AppData\Local\Programs\Python\Python312\Scripts\bin
[10:52:38] [General] [Info]         C:\Users\felip_0vh5fa6\AppData\Local\Programs\Python\Python312\
[10:52:38] [General] [Info]         C:\Users\felip_0vh5fa6\AppData\Local\Programs\Python\Python312\ -> C:\Users\felip_0vh5fa6\AppData\Local\Programs\Python\Python312\bin
[10:52:38] [General] [Info]         C:\Users\felip_0vh5fa6\AppData\Local\Microsoft\WindowsApps
[10:52:38] [General] [Info]         C:\Users\felip_0vh5fa6\AppData\Local\Microsoft\WindowsApps -> C:\Users\felip_0vh5fa6\AppData\Local\Microsoft\WindowsApps\bin
[10:52:38] [General] [Info]         C:\Users\felip_0vh5fa6\AppData\Local\Programs\Microsoft VS Code\bin
[10:52:38] [General] [Info]         C:\Users\felip_0vh5fa6\AppData\Local\GitHubDesktop\bin
[10:52:38] [General] [Info]         C:\Users\felip_0vh5fa6\AppData\Local\JetBrains\Toolbox\scripts
[10:52:38] [General] [Info]         C:\Users\felip_0vh5fa6\AppData\Local\JetBrains\Toolbox\scripts -> C:\Users\felip_0vh5fa6\AppData\Local\JetBrains\Toolbox\scripts\bin
[10:52:38] [General] [Info]         C:\Users\felip_0vh5fa6\AppData\Roaming\npm
[10:52:38] [General] [Info]         C:\Users\felip_0vh5fa6\AppData\Roaming\npm -> C:\Users\felip_0vh5fa6\AppData\Roaming\npm\bin
[10:52:38] [General] [Info]         C:\Users\felip_0vh5fa6\AppData\Local\Programs\GnuPG\bin
[10:52:38] [General] [Info]         C:\Users\felip_0vh5fa6\.puro\bin
[10:52:38] [General] [Info]         C:\Users\felip_0vh5fa6\.puro\shared\pub_cache\bin
[10:52:38] [General] [Info]         C:\Users\felip_0vh5fa6\.puro\envs\default\flutter\bin
[10:52:38] [General] [Info]         C:\Program Files (x86)\Nmap\
[10:52:38] [General] [Info]         C:\Program Files (x86)\Nmap\ -> C:\Program Files (x86)\Nmap\bin
[10:52:38] [General] [Info]         C:\Program Files\mosquitto
[10:52:38] [General] [Info]         C:\Program Files\mosquitto -> C:\Program Files\mosquitto\bin
[10:52:38] [General] [Info]         C:\Users\felip_0vh5fa6\AppData\Local\Microsoft\WindowsApps
[10:52:38] [General] [Info]         C:\Users\felip_0vh5fa6\AppData\Local\Microsoft\WindowsApps -> C:\Users\felip_0vh5fa6\AppData\Local\Microsoft\WindowsApps\bin
[10:52:38] [General] [Info]         D:\dev\dart\git_branches_by_date\build\win\
[10:52:38] [General] [Info]         D:\dev\dart\git_branches_by_date\build\win\ -> D:\dev\dart\git_branches_by_date\build\win\bin
[10:52:38] [General] [Info]         C:\Users\felip_0vh5fa6\AppData\Local\Microsoft\WinGet\Links
[10:52:38] [General] [Info]         C:\Users\felip_0vh5fa6\AppData\Local\Microsoft\WinGet\Links -> C:\Users\felip_0vh5fa6\AppData\Local\Microsoft\WinGet\Links\bin
[10:52:38] [General] [Info]         C:\Users\felip_0vh5fa6\.puro\envs\stable\flutter\bin\cache\dart-sdk
[10:52:38] [General] [Info]         C:\Users\felip_0vh5fa6\.puro\envs\stable\flutter\bin\cache\dart-sdk -> C:\Users\felip_0vh5fa6\.puro\envs\stable\flutter\bin\cache\dart-sdk\bin
[10:52:38] [General] [Info]     Found at:
[10:52:38] [General] [Info]         C:\Users\felip_0vh5fa6\.puro\envs\stable\flutter\bin\cache\dart-sdk -> C:\Users\felip_0vh5fa6\.puro\envs\stable\flutter\bin\cache\dart-sdk\bin
[10:52:38] [General] [Info] Following symlink: C:\Users\felip_0vh5fa6\.puro\envs\stable\flutter\bin\cache\dart-sdk\bin\dart.exe -> C:\Users\felip_0vh5fa6\.puro\shared\caches\ef0cd000916d64fa0c5d09cc809fa7ad244a5767\dart-sdk\bin\dart.exe
[10:52:38] [General] [Info]     Candidate paths to be post-filtered:
[10:52:38] [General] [Info]         C:\Users\felip_0vh5fa6\.puro\envs\stable\flutter\bin\cache\dart-sdk -> C:\Users\felip_0vh5fa6\.puro\shared\caches\ef0cd000916d64fa0c5d09cc809fa7ad244a5767\dart-sdk
[10:52:38] [General] [Info]     Found at C:\Users\felip_0vh5fa6\.puro\envs\stable\flutter\bin\cache\dart-sdk -> C:\Users\felip_0vh5fa6\.puro\shared\caches\ef0cd000916d64fa0c5d09cc809fa7ad244a5767\dart-sdk
[10:52:38] [General] [Info]     Returning SDK path C:\Users\felip_0vh5fa6\.puro\shared\caches\ef0cd000916d64fa0c5d09cc809fa7ad244a5767\dart-sdk for dart.exe
[10:52:39] [General] [Info] Extension deactivate was called (isRestart: false)
[10:52:39] [General] [Error] Error cleaning up during extension shutdown: Canceled: Canceled
[10:52:39] [General] [Info] Extension cleanup done
[10:52:39] [General] [Info] Closing all loggers...
Mon Aug 18 2025 [10:52:39 GMT-0300 (Horário Padrão de Brasília)] Log file ended
