!! ⚠️ PLEASE REVIEW THIS LOG FOR SENSITIVE INFORMATION BEFORE SHARING ⚠️ !!
Dart Code extension: 3.117.20250813
Flutter extension: 3.117.20250731 (not activated)

App: Visual Studio Code
App Host: desktop
Version: win 1.103.1


Logging Categories:
    Analyzer

Mon Aug 18 2025 [10:52:34 GMT-0300 (Horário Padrão de Brasília)] Log file started
[10:52:34] [Analyzer] [Info] Spawning C:\Users\felip_0vh5fa6\dart\bin\dart.exe with args ["language-server","--protocol=lsp","--client-id=VS-Code","--client-version=3.117.20250813","--instrumentation-log-file=D:\\dev\\dart\\workspace\\.logs\\workspace\\InstrumentationLog.log"]
[10:52:34] [Analyzer] [Info]     PID: 34236
[10:52:34] [Analyzer] [Info] ==> Content-Length: 6557
[10:52:34] [Analyzer] [Info] ==> {"jsonrpc":"2.0","id":0,"method":"initialize","params":{"processId":27216,"clientInfo":{"name":"Visual Studio Code","version":"1.103.1"},"locale":"en","rootPath":"d:\\dev\\dart\\workspace","rootUri":"file:///D%3A/dev/dart/workspace","capabilities":{"workspace":{"applyEdit":true,"workspaceEdit":{"documentChanges":true,"resourceOperations":["create","rename","delete"],"failureHandling":"textOnlyTransactional","normalizesLineEndings":true,"changeAnnotationSupport":{"groupsOnLabel":true}},"configuration":true,"didChangeWatchedFiles":{"dynamicRegistration":true,"relativePatternSupport":true},"symbol":{"dynamicRegistration":true,"symbolKind":{"valueSet":[1,2,3,4,5,6,7,8,9,10,11,12,13,14,15,16,17,18,19,20,21,22,23,24,25,26]},"tagSupport":{"valueSet":[1]},"resolveSupport":{"properties":["location.range"]}},"codeLens":{"refreshSupport":true},"executeCommand":{"dynamicRegistration":true},"didChangeConfiguration":{"dynamicRegistration":true},"workspaceFolders":true,"semanticTokens":{"refreshSupport":true},"fileOperations":{"dynamicRegistration":true,"didCreate":true,"didRename":true,"didDelete":true,"willCreate":true,"willRename":true,"willDelete":true},"inlineValue":{"refreshSupport":true},"inlayHint":{"refreshSupport":true},"diagnostics":{"refreshSupport":true}},"textDocument":{"publishDiagnostics":{"relatedInformation":true,"versionSupport":false,"tagSupport":{"valueSet":[1,2]},"codeDescriptionSupport":true,"dataSupport":true},"synchronization":{"dynamicRegistration":true,"willSave":true,"willSaveWaitUntil":true,"didSave":true},"completion":{"dynamicRegistration":true,"contextSupport":true,"completionItem":{"snippetSupport":true,"commitCharactersSupport":true,"documentationFormat":["markdown","plaintext"],"deprecatedSupport":true,"preselectSupport":true,"tagSupport":{"valueSet":[1]},"insertReplaceSupport":true,"resolveSupport":{"properties":["documentation","detail","additionalTextEdits"]},"insertTextModeSupport":{"valueSet":[1,2]},"labelDetailsSupport":true},"insertTex…
[10:52:37] [Analyzer] [Info] <== Content-Length: 982
Content-Type: application/vscode-jsonrpc; charset=utf-8

{"id":0,"jsonrpc":"2.0","result":{"capabilities":{"executeCommandProvider":{"commands":["dart.edit.codeAction.apply","dart.edit.sortMembers","dart.edit.organizeImports","dart.edit.fixAll","dart.edit.fixAllInWorkspace.preview","dart.edit.fixAllInWorkspace","dart.edit.sendWorkspaceEdit","refactor.perform","refactor.validate","dart.logAction","dart.refactor.convert_all_formal_parameters_to_named","dart.refactor.convert_selected_formal_parameters_to_named","dart.refactor.move_selected_formal_parameters_left","dart.refactor.move_top_level_to_file"],"workDoneProgress":true},"experimental":{"dartTextDocumentContentProvider":{"schemes":["dart-macro+file"]},"updateDiagnosticInformation":{},"textDocument":{"super":{},"augmented":{},"augmentation":{}}},"workspace":{"workspaceFolders":{"changeNotifications":true,"supported":true}},"workspaceSymbolProvider":true},"serverInfo":{"name":"Dart SDK LSP Analysis Server","version":"3.10.0-edge.d337376f5cd8642eced0f19b613e1a45c387cdd5"}}}
[10:52:37] [Analyzer] [Info] ==> Content-Length: 86
[10:52:37] [Analyzer] [Info] ==> {"jsonrpc":"2.0","method":"initialized","params":{},"clientRequestTime":1755525157818}
[10:52:37] [Analyzer] [Info] ==> Content-Length: 177
[10:52:37] [Analyzer] [Info] ==> {"jsonrpc":"2.0","id":1,"method":"dart/connectToDtd","params":{"uri":"ws://127.0.0.1:21419/RvC5sTo8WQM=","registerExperimentalHandlers":false},"clientRequestTime":1755525157956}
[10:52:37] [Analyzer] [Info] ==> Content-Length: 386
[10:52:37] [Analyzer] [Info] ==> {"jsonrpc":"2.0","id":2,"method":"dart/updateDiagnosticInformation","params":{"settings":{"global":{"dart.onlyAnalyzeProjectsWithOpenFiles":false,"editor.formatOnSave":true,"editor.formatOnPaste":true,"editor.formatOnType":true,"editor.codeActionsOnSave":{"source.fixAll":"explicit","source.organizeImports":"explicit","source.sortMembers":"never"}}}},"clientRequestTime":1755525157956}
[10:52:38] [Analyzer] [Info] <== Content-Length: 161
Content-Type: application/vscode-jsonrpc; charset=utf-8

{"id":1,"jsonrpc":"2.0","method":"workspace/configuration","params":{"items":[{"scopeUri":"file:///D:/dev/dart/workspace","section":"dart"},{"section":"dart"}]}}
[10:52:38] [Analyzer] [Info] <== Content-Length: 38
Content-Type: application/vscode-jsonrpc; charset=utf-8

{"id":2,"jsonrpc":"2.0","result":null}Content-Length: 38
Content-Type: application/vscode-jsonrpc; charset=utf-8

{"id":1,"jsonrpc":"2.0","result":null}
[10:52:39] [Analyzer] [Info] ==> Content-Length: 9423
[10:52:39] [Analyzer] [Info] ==> {"jsonrpc":"2.0","id":1,"result":[{"analysisExcludedFolders":[],"analyzerAdditionalArgs":[],"analyzerVmAdditionalArgs":[],"analyzerDiagnosticsPort":null,"analyzerPath":null,"analyzerSshHost":null,"analyzerVmServicePort":null,"includeDependenciesInWorkspaceSymbols":true,"notifyAnalyzerErrors":true,"onlyAnalyzeProjectsWithOpenFiles":false,"showTodos":true,"showExtensionRecommendations":true,"devToolsBrowser":"default","devToolsPort":null,"devToolsReuseWindows":true,"devToolsTheme":"dark","devToolsLocation":{"default":"beside","inspector":"sidebar"},"openDevTools":"never","closeDevTools":"never","shareDevToolsWithFlutter":true,"showInspectorNotificationsForWidgetErrors":true,"customDevTools":{},"autoImportCompletions":true,"automaticCommentSlashes":"tripleSlash","closingLabels":true,"closingLabelsPrefix":" -- ","closingLabelsTextStyle":"normal","completeFunctionCalls":true,"documentation":"full","dtdEditorActiveLocationDelay":200,"enableServerSnippets":true,"hotReloadPatterns":[],"enableCompletionCommitCharacters":false,"enableSdkFormatter":true,"enableSnippets":true,"insertArgumentPlaceholders":true,"lineLength":80,"lspSnippetTextEdits":true,"renameFilesWithClasses":"never","showDartPadSampleCodeLens":true,"showMainCodeLens":true,"showTestCodeLens":true,"updateImportsOnRename":true,"warnWhenEditingFilesOutsideWorkspace":false,"warnWhenEditingFilesInPubCache":true,"flutterAdbConnectOnChromeOs":false,"flutterAdditionalArgs":[],"flutterAttachAdditionalArgs":[],"flutterCreateAndroidLanguage":"kotlin","flutterCreateIOSLanguage":"swift","flutterCreatePlatforms":null,"offline":false,"flutterCreateOrganization":null,"flutterCustomEmulators":[],"flutterGutterIcons":true,"flutterHotReloadOnSave":"manual","hotReloadOnSave":"never","flutterGenerateLocalizationsOnSave":"never","flutterOutline":true,"flutterRunAdditionalArgs":[],"flutterScreenshotPath":null,"flutterRememberSelectedDevice":true,"flutterSelectDeviceWhenConnected":true,"flutterShowEmulators":"local","flutterShowWe…
[10:52:39] [Analyzer] [Info] <== Content-Length: 7026
Content-Type: application/vscode-jsonrpc; charset=utf-8

{"id":2,"jsonrpc":"2.0","method":"client/registerCapability","params":{"registrations":[{"id":"0","method":"textDocument/prepareCallHierarchy","registerOptions":{"documentSelector":[{"language":"dart","scheme":"file"},{"language":"dart","scheme":"dart-macro+file"}]}},{"id":"1","method":"textDocument/codeAction","registerOptions":{"codeActionKinds":["source","source.organizeImports","source.fixAll","source.sortMembers","quickfix","refactor"],"documentSelector":[{"language":"dart","scheme":"file"},{"language":"dart","scheme":"dart-macro+file"}]}},{"id":"2","method":"textDocument/codeLens","registerOptions":{"documentSelector":[{"language":"dart","scheme":"file"},{"language":"dart","scheme":"dart-macro+file"}]}},{"id":"3","method":"textDocument/completion","registerOptions":{"completionItem":{"labelDetailsSupport":true},"documentSelector":[{"language":"dart","scheme":"file"},{"language":"dart","scheme":"dart-macro+file"}],"resolveProvider":true,"triggerCharacters":[".","=","(","$","\"","'","{","/",":"]}},{"id":"4","method":"textDocument/completion","registerOptions":{"documentSelector":[{"language":"yaml","pattern":"**/pubspec.yaml","scheme":"file"},{"language":"yaml","pattern":"**/analysis_options.yaml","scheme":"file"},{"language":"yaml","pattern":"**/lib/{fix_data.yaml,fix_data/**.yaml}","scheme":"file"}],"resolveProvider":true}},{"id":"5","method":"textDocument/definition","registerOptions":{"documentSelector":[{"language":"dart","scheme":"file"},{"language":"dart","scheme":"dart-macro+file"}]}},{"id":"6","method":"textDocument/documentLink","registerOptions":{"documentSelector":[{"language":"dart","scheme":"file"},{"language":"dart","scheme":"dart-macro+file"},{"language":"yaml","pattern":"**/pubspec.yaml","scheme":"file"},{"language":"yaml","pattern":"**/analysis_options.yaml","scheme":"file"}],"resolveProvider":false}},{"id":"7","method":"textDocument/documentColor","registerOpt…
[10:52:39] [Analyzer] [Info] <== Content-Length: 97
Content-Type: application/vscode-jsonrpc; charset=utf-8
[10:52:39] [Analyzer] [Info] ==> Content-Length: 72
[10:52:39] [Analyzer] [Info] ==> {"jsonrpc":"2.0","id":2,"result":null,"clientRequestTime":1755525159586}
[10:52:39] [Analyzer] [Info] ==> Content-Length: 531
[10:52:39] [Analyzer] [Info] ==> {"jsonrpc":"2.0","method":"textDocument/didOpen","params":{"textDocument":{"uri":"file:///D%3A/dev/dart/workspace/project_two/pubspec.yaml","languageId":"yaml","version":1,"text":"name: project_two\ndescription: A sample command-line application.\nversion: 1.0.0\n# repository: https://github.com/my_org/my_repo\n\nresolution: workspace\n\nenvironment:\n  sdk: ^3.9.0\n\n# Add regular dependencies here.\ndependencies:\n  # path: ^1.8.0\n\ndev_dependencies:\n  lints: ^5.0.0\n  test: ^1.24.0\n"}},"clientRequestTime":1755525159586}
[10:52:39] [Analyzer] [Info] ==> Content-Length: 257
[10:52:39] [Analyzer] [Info] ==> {"jsonrpc":"2.0","method":"textDocument/didOpen","params":{"textDocument":{"uri":"file:///D%3A/dev/dart/workspace/package/lib/package.dart","languageId":"dart","version":1,"text":"int calculate() {\n  return 6 * 7;\n}\n"}},"clientRequestTime":1755525159586}
[10:52:39] [Analyzer] [Info] ==> Content-Length: 305
[10:52:39] [Analyzer] [Info] ==> {"jsonrpc":"2.0","id":3,"method":"textDocument/codeAction","params":{"textDocument":{"uri":"file:///D%3A/dev/dart/workspace/package/lib/package.dart"},"range":{"start":{"line":1,"character":0},"end":{"line":3,"character":0}},"context":{"diagnostics":[],"triggerKind":2}},"clientRequestTime":1755525159757}
[10:52:39] [Analyzer] [Info] ==> Content-Length: 189
[10:52:39] [Analyzer] [Info] ==> {"jsonrpc":"2.0","id":4,"method":"textDocument/documentColor","params":{"textDocument":{"uri":"file:///D%3A/dev/dart/workspace/package/lib/package.dart"}},"clientRequestTime":1755525159758}
[10:52:39] [Analyzer] [Info] ==> Content-Length: 190
[10:52:39] [Analyzer] [Info] ==> {"jsonrpc":"2.0","id":5,"method":"textDocument/documentSymbol","params":{"textDocument":{"uri":"file:///D%3A/dev/dart/workspace/package/lib/package.dart"}},"clientRequestTime":1755525159758}
[10:52:39] [Analyzer] [Info] ==> Content-Length: 188
[10:52:39] [Analyzer] [Info] ==> {"jsonrpc":"2.0","id":6,"method":"textDocument/documentLink","params":{"textDocument":{"uri":"file:///D%3A/dev/dart/workspace/package/lib/package.dart"}},"clientRequestTime":1755525159758}
[10:52:39] [Analyzer] [Info] ==> Content-Length: 259
[10:52:39] [Analyzer] [Info] ==> {"jsonrpc":"2.0","id":7,"method":"textDocument/inlayHint","params":{"textDocument":{"uri":"file:///D%3A/dev/dart/workspace/package/lib/package.dart"},"range":{"start":{"line":0,"character":0},"end":{"line":3,"character":0}}},"clientRequestTime":1755525159759}
[10:52:39] [Analyzer] [Info] ==> Content-Length: 188
[10:52:39] [Analyzer] [Info] ==> {"jsonrpc":"2.0","id":8,"method":"textDocument/foldingRange","params":{"textDocument":{"uri":"file:///D%3A/dev/dart/workspace/package/lib/package.dart"}},"clientRequestTime":1755525159814}
[10:52:39] [Analyzer] [Info] ==> Content-Length: 190
[10:52:39] [Analyzer] [Info] ==> {"jsonrpc":"2.0","id":9,"method":"textDocument/documentSymbol","params":{"textDocument":{"uri":"file:///D%3A/dev/dart/workspace/package/lib/package.dart"}},"clientRequestTime":1755525159838}
[10:52:40] [Analyzer] [Info] <== {"id":3,"jsonrpc":"2.0","method":"window/workDoneProgress/create","params":{"token":"ANALYZING"}}
[10:52:40] [Analyzer] [Info] ==> Content-Length: 271
[10:52:40] [Analyzer] [Info] ==> {"jsonrpc":"2.0","id":10,"method":"textDocument/semanticTokens/range","params":{"textDocument":{"uri":"file:///D%3A/dev/dart/workspace/package/lib/package.dart"},"range":{"start":{"line":0,"character":0},"end":{"line":3,"character":0}}},"clientRequestTime":1755525160004}
[10:52:40] [Analyzer] [Info] ==> Content-Length: 196
[10:52:40] [Analyzer] [Info] ==> {"jsonrpc":"2.0","id":11,"method":"textDocument/semanticTokens/full","params":{"textDocument":{"uri":"file:///D%3A/dev/dart/workspace/package/lib/package.dart"}},"clientRequestTime":1755525160005}
[10:52:40] [Analyzer] [Info] ==> Content-Length: 72
[10:52:40] [Analyzer] [Info] ==> {"jsonrpc":"2.0","id":3,"result":null,"clientRequestTime":1755525160011}
[10:52:40] [Analyzer] [Info] ==> Content-Length: 185
[10:52:40] [Analyzer] [Info] ==> {"jsonrpc":"2.0","id":12,"method":"textDocument/codeLens","params":{"textDocument":{"uri":"file:///D%3A/dev/dart/workspace/package/lib/package.dart"}},"clientRequestTime":1755525160072}
[10:52:40] [Analyzer] [Info] <== Content-Length: 118
Content-Type: application/vscode-jsonrpc; charset=utf-8
[10:52:40] [Analyzer] [Info] <== {"jsonrpc":"2.0","method":"$/progress","params":{"token":"ANALYZING","value":{"kind":"begin","title":"Analyzing…"}}}
[10:52:40] [Analyzer] [Info] <== Content-Length: 63
Content-Type: application/vscode-jsonrpc; charset=utf-8
[10:52:40] [Analyzer] [Info] <== {"id":8,"jsonrpc":"2.0","result":[{"endLine":2,"startLine":0}]}Content-Length: 36
Content-Type: application/vscode-jsonrpc; charset=utf-8

{"id":6,"jsonrpc":"2.0","result":[]}
[10:52:40] [Analyzer] [Info] <== Content-Length: 153
Content-Type: application/vscode-jsonrpc; charset=utf-8
[10:52:41] [Analyzer] [Info] <== {"jsonrpc":"2.0","method":"dart/textDocument/publishClosingLabels","params":{"labels":[],"uri":"file:///D:/dev/dart/workspace/package/lib/package.dart"}}
[10:52:41] [Analyzer] [Info] <== Content-Length: 755
Content-Type: application/vscode-jsonrpc; charset=utf-8
[10:52:41] [Analyzer] [Info] <== {"jsonrpc":"2.0","method":"dart/textDocument/publishOutline","params":{"outline":{"children":[{"codeRange":{"end":{"character":1,"line":2},"start":{"character":0,"line":0}},"element":{"kind":"FUNCTION","name":"calculate","parameters":"()","range":{"end":{"character":13,"line":0},"start":{"character":4,"line":0}},"returnType":"int"},"range":{"end":{"character":1,"line":2},"start":{"character":0,"line":0}}}],"codeRange":{"end":{"character":0,"line":3},"start":{"character":0,"line":0}},"element":{"kind":"COMPILATION_UNIT","name":"<unit>","range":{"end":{"character":0,"line":3},"start":{"character":0,"line":0}}},"range":{"end":{"character":0,"line":3},"start":{"character":0,"line":0}}},"uri":"file:///D:/dev/dart/workspace/package/lib/package.dart"}}
[10:52:41] [Analyzer] [Info] <== Content-Length: 36
Content-Type: application/vscode-jsonrpc; charset=utf-8
[10:52:41] [Analyzer] [Info] <== {"id":4,"jsonrpc":"2.0","result":[]}Content-Length: 257
Content-Type: application/vscode-jsonrpc; charset=utf-8
[10:52:41] [Analyzer] [Info] <== {"id":5,"jsonrpc":"2.0","result":[{"deprecated":false,"detail":"()","kind":12,"name":"calculate","range":{"end":{"character":1,"line":2},"start":{"character":0,"line":0}},"selectionRange":{"end":{"character":13,"line":0},"start":{"character":4,"line":0}}}]}Content-Length: 257
Content-Type: application/vscode-jsonrpc; charset=utf-8
[10:52:41] [Analyzer] [Info] <== {"id":9,"jsonrpc":"2.0","result":[{"deprecated":false,"detail":"()","kind":12,"name":"calculate","range":{"end":{"character":1,"line":2},"start":{"character":0,"line":0}},"selectionRange":{"end":{"character":13,"line":0},"start":{"character":4,"line":0}}}]}Content-Length: 36
Content-Type: application/vscode-jsonrpc; charset=utf-8

{"id":7,"jsonrpc":"2.0","result":[]}Content-Length: 101
Content-Type: application/vscode-jsonrpc; charset=utf-8

{"id":10,"jsonrpc":"2.0","result":{"data":[0,0,3,2,0,0,4,9,17,36,1,2,6,1,256,0,7,1,15,0,0,4,1,15,0]}}Content-Length: 101
Content-Type: application/vscode-jsonrpc; charset=utf-8

{"id":11,"jsonrpc":"2.0","result":{"data":[0,0,3,2,0,0,4,9,17,36,1,2,6,1,256,0,7,1,15,0,0,4,1,15,0]}}Content-Length: 37
Content-Type: application/vscode-jsonrpc; charset=utf-8

{"id":12,"jsonrpc":"2.0","result":[]}Content-Length: 694
Content-Type: application/vscode-jsonrpc; charset=utf-8

{"id":3,"jsonrpc":"2.0","result":[{"command":{"arguments":[{"path":"D:\\dev\\dart\\workspace\\package\\lib\\package.dart","autoTriggered":true}],"command":"dart.edit.sortMembers","title":"Sort Members"},"kind":"source.sortMembers","title":"Sort Members"},{"command":{"arguments":[{"path":"D:\\dev\\dart\\workspace\\package\\lib\\package.dart","autoTriggered":true}],"command":"dart.edit.organizeImports","title":"Organize Imports"},"kind":"source.organizeImports","title":"Organize Imports"},{"command":{"arguments":[{"path":"D:\\dev\\dart\\workspace\\package\\lib\\package.dart","autoTriggered":true}],"command":"dart.edit.fixAll","title":"Fix All"},"kind":"source.fixAll","title":"Fix All"}]}Content-Length: 93
Content-Type: application/vscode-jsonrpc; charset=utf-8

{"jsonrpc":"2.0","method":"$/progress","params":{"token":"ANALYZING","value":{"kind":"end"}}}
[10:52:41] [Analyzer] [Info] <== Content-Length: 97
Content-Type: application/vscode-jsonrpc; charset=utf-8
[10:52:41] [Analyzer] [Info] <== {"id":4,"jsonrpc":"2.0","method":"window/workDoneProgress/create","params":{"token":"ANALYZING"}}
[10:52:41] [Analyzer] [Info] ==> Content-Length: 72
[10:52:41] [Analyzer] [Info] ==> {"jsonrpc":"2.0","id":4,"result":null,"clientRequestTime":1755525161234}
[10:52:41] [Analyzer] [Info] <== Content-Length: 118
Content-Type: application/vscode-jsonrpc; charset=utf-8
[10:52:41] [Analyzer] [Info] <== {"jsonrpc":"2.0","method":"$/progress","params":{"token":"ANALYZING","value":{"kind":"begin","title":"Analyzing…"}}}
[10:52:41] [Analyzer] [Info] <== Content-Length: 93
Content-Type: application/vscode-jsonrpc; charset=utf-8

{"jsonrpc":"2.0","method":"$/progress","params":{"token":"ANALYZING","value":{"kind":"end"}}}
[10:52:41] [Analyzer] [Info] <== Content-Length: 97
Content-Type: application/vscode-jsonrpc; charset=utf-8
[10:52:41] [Analyzer] [Info] <== {"id":5,"jsonrpc":"2.0","method":"window/workDoneProgress/create","params":{"token":"ANALYZING"}}
[10:52:41] [Analyzer] [Info] ==> Content-Length: 72
[10:52:41] [Analyzer] [Info] ==> {"jsonrpc":"2.0","id":5,"result":null,"clientRequestTime":1755525161263}
[10:52:41] [Analyzer] [Info] <== Content-Length: 118
Content-Type: application/vscode-jsonrpc; charset=utf-8

{"jsonrpc":"2.0","method":"$/progress","params":{"token":"ANALYZING","value":{"kind":"begin","title":"Analyzing…"}}}
[10:52:41] [Analyzer] [Info] <== Content-Length: 93
Content-Type: application/vscode-jsonrpc; charset=utf-8

{"jsonrpc":"2.0","method":"$/progress","params":{"token":"ANALYZING","value":{"kind":"end"}}}
[10:52:41] [Analyzer] [Info] ==> Content-Length: 185
[10:52:41] [Analyzer] [Info] ==> {"jsonrpc":"2.0","id":13,"method":"textDocument/codeLens","params":{"textDocument":{"uri":"file:///D%3A/dev/dart/workspace/package/lib/package.dart"}},"clientRequestTime":1755525161796}
[10:52:41] [Analyzer] [Info] <== Content-Length: 37
Content-Type: application/vscode-jsonrpc; charset=utf-8

{"id":13,"jsonrpc":"2.0","result":[]}
